


'$' -> c0, '*' -> c1, '+' -> c2, 
'-' -> c3, '.' -> c4, '/' -> c5, '0' -> c6, '1' -> c6, '2' -> c6, '3' -> c6, '4' -> c6, '5' -> c6, '6' -> c6, 
'7' -> c6, '8' -> c6, '9' -> c6, '<' -> c7, '=' -> c8, '>' -> c9, 'A' -> c0, 
'B' -> c0, 'C' -> c0, 'D' -> c0, 'E' -> c10, 'F' -> c0, 'G' -> c0, 'H' -> c0, 'I' -> c0, 'J' -> c0, 'K' -> c0, 'L' -> c0, 
'M' -> c0, 'N' -> c0, 'O' -> c0, 'P' -> c0, 'Q' -> c0, 'R' -> c0, 'S' -> c0, 'T' -> c0, 'U' -> c0, 'V' -> c0, 'W' -> c0, 
'X' -> c0, 'Y' -> c0, 'Z' -> c0, '_' -> c0, 'a' -> c0, 'b' -> c0, 
'c' -> c0, 'd' -> c0, 'e' -> c10, 'f' -> c0, 'g' -> c0, 'h' -> c0, 'i' -> c0, 'j' -> c0, 'k' -> c0, 'l' -> c0, 'm' -> c0, 
'n' -> c0, 'o' -> c0, 'p' -> c0, 'q' -> c0, 'r' -> c0, 's' -> c0, 't' -> c0, 'u' -> c0, 'v' -> c0, 'w' -> c0, 'x' -> c0, 
'y' -> c0, 'z' -> c0, 



\xaa -> c11, 
\xb5 -> c11, \xba -> c11, 
\xc0 -> c11, \xc1 -> c11, \xc2 -> c11, \xc3 -> c11, \xc4 -> c11, \xc5 -> c11, 
\xc6 -> c11, \xc7 -> c11, \xc8 -> c11, \xc9 -> c11, \xca -> c11, \xcb -> c11, \xcc -> c11, \xcd -> c11, \xce -> c11, \xcf -> c11, \xd0 -> c11, 
\xd1 -> c11, \xd2 -> c11, \xd3 -> c11, \xd4 -> c11, \xd5 -> c11, \xd6 -> c11, \xd8 -> c11, \xd9 -> c11, \xda -> c11, \xdb -> c11, 
\xdc -> c11, \xdd -> c11, \xde -> c11, \xdf -> c11, \xe0 -> c11, \xe1 -> c11, \xe2 -> c11, \xe3 -> c11, \xe4 -> c11, \xe5 -> c11, \xe6 -> c11, 
\xe7 -> c11, \xe8 -> c11, \xe9 -> c11, \xea -> c11, \xeb -> c11, \xec -> c11, \xed -> c11, \xee -> c11, \xef -> c11, \xf0 -> c11, \xf1 -> c11, 
\xf2 -> c11, \xf3 -> c11, \xf4 -> c11, \xf5 -> c11, \xf6 -> c11, \xf8 -> c11, \xf9 -> c11, \xfa -> c11, \xfb -> c11, \xfc -> c11, 
\xfd -> c11, \xfe -> c11, \xff -> c11, 
\x256-\x705 -> c11, \x710-\x721 -> c11, \x736-\x740 -> c11, \x748-\x748 -> c11, \x750-\x750 -> c11, \x768-\x879 -> c12, 
\x880-\x884 -> c11, \x886-\x887 -> c11, \x890-\x893 -> c11, \x902-\x902 -> c11, \x904-\x906 -> c11, \x908-\x908 -> c11, 
\x910-\x929 -> c11, \x931-\x1013 -> c11, \x1015-\x1153 -> c11, \x1155-\x1159 -> c12, \x1162-\x1319 -> c11, \x1329-\x1366 -> c11, 
\x1369-\x1369 -> c11, \x1377-\x1415 -> c11, \x1425-\x1469 -> c12, \x1471-\x1471 -> c12, \x1473-\x1474 -> c12, \x1476-\x1477 -> c12, 
\x1479-\x1479 -> c12, \x1488-\x1514 -> c11, \x1520-\x1522 -> c11, \x1552-\x1562 -> c12, \x1568-\x1610 -> c11, \x1611-\x1641 -> c12, 
\x1646-\x1647 -> c11, \x1648-\x1648 -> c12, \x1649-\x1747 -> c11, \x1749-\x1749 -> c11, \x1750-\x1756 -> c12, \x1759-\x1764 -> c12, 
\x1765-\x1766 -> c11, \x1767-\x1768 -> c12, \x1770-\x1773 -> c12, \x1774-\x1775 -> c11, \x1776-\x1785 -> c12, \x1786-\x1788 -> c11, 
\x1791-\x1791 -> c11, \x1808-\x1808 -> c11, \x1809-\x1809 -> c12, \x1810-\x1839 -> c11, \x1840-\x1866 -> c12, \x1869-\x1957 -> c11, 
\x1958-\x1968 -> c12, \x1969-\x1969 -> c11, \x1984-\x1993 -> c12, \x1994-\x2026 -> c11, \x2027-\x2035 -> c12, \x2036-\x2037 -> c11, 
\x2042-\x2042 -> c11, \x2048-\x2069 -> c11, \x2070-\x2073 -> c12, \x2074-\x2074 -> c11, \x2075-\x2083 -> c12, \x2084-\x2084 -> c11, 
\x2085-\x2087 -> c12, \x2088-\x2088 -> c11, \x2089-\x2093 -> c12, \x2112-\x2136 -> c11, \x2137-\x2139 -> c12, \x2208-\x2208 -> c11, 
\x2210-\x2220 -> c11, \x2276-\x2302 -> c12, \x2304-\x2307 -> c12, \x2308-\x2361 -> c11, \x2362-\x2364 -> c12, \x2365-\x2365 -> c11, 
\x2366-\x2383 -> c12, \x2384-\x2384 -> c11, \x2385-\x2391 -> c12, \x2392-\x2401 -> c11, \x2402-\x2403 -> c12, \x2406-\x2415 -> c12, 
\x2417-\x2423 -> c11, \x2425-\x2431 -> c11, \x2433-\x2435 -> c12, \x2437-\x2444 -> c11, \x2447-\x2448 -> c11, \x2451-\x2472 -> c11, 
\x2474-\x2480 -> c11, \x2482-\x2482 -> c11, \x2486-\x2489 -> c11, \x2492-\x2492 -> c12, \x2493-\x2493 -> c11, \x2494-\x2500 -> c12, 
\x2503-\x2504 -> c12, \x2507-\x2509 -> c12, \x2510-\x2510 -> c11, \x2519-\x2519 -> c12, \x2524-\x2525 -> c11, \x2527-\x2529 -> c11, 
\x2530-\x2531 -> c12, \x2534-\x2543 -> c12, \x2544-\x2545 -> c11, \x2561-\x2563 -> c12, \x2565-\x2570 -> c11, \x2575-\x2576 -> c11, 
\x2579-\x2600 -> c11, \x2602-\x2608 -> c11, \x2610-\x2611 -> c11, \x2613-\x2614 -> c11, \x2616-\x2617 -> c11, \x2620-\x2620 -> c12, 
\x2622-\x2626 -> c12, \x2631-\x2632 -> c12, \x2635-\x2637 -> c12, \x2641-\x2641 -> c12, \x2649-\x2652 -> c11, \x2654-\x2654 -> c11, 
\x2662-\x2673 -> c12, \x2674-\x2676 -> c11, \x2677-\x2677 -> c12, \x2689-\x2691 -> c12, \x2693-\x2701 -> c11, \x2703-\x2705 -> c11, 
\x2707-\x2728 -> c11, \x2730-\x2736 -> c11, \x2738-\x2739 -> c11, \x2741-\x2745 -> c11, \x2748-\x2748 -> c12, \x2749-\x2749 -> c11, 
\x2750-\x2757 -> c12, \x2759-\x2761 -> c12, \x2763-\x2765 -> c12, \x2768-\x2768 -> c11, \x2784-\x2785 -> c11, \x2786-\x2787 -> c12, 
\x2790-\x2799 -> c12, \x2817-\x2819 -> c12, \x2821-\x2828 -> c11, \x2831-\x2832 -> c11, \x2835-\x2856 -> c11, \x2858-\x2864 -> c11, 
\x2866-\x2867 -> c11, \x2869-\x2873 -> c11, \x2876-\x2876 -> c12, \x2877-\x2877 -> c11, \x2878-\x2884 -> c12, \x2887-\x2888 -> c12, 
\x2891-\x2893 -> c12, \x2902-\x2903 -> c12, \x2908-\x2909 -> c11, \x2911-\x2913 -> c11, \x2914-\x2915 -> c12, \x2918-\x2927 -> c12, 
\x2929-\x2929 -> c11, \x2946-\x2946 -> c12, \x2947-\x2947 -> c11, \x2949-\x2954 -> c11, \x2958-\x2960 -> c11, \x2962-\x2965 -> c11, 
\x2969-\x2970 -> c11, \x2972-\x2972 -> c11, \x2974-\x2975 -> c11, \x2979-\x2980 -> c11, \x2984-\x2986 -> c11, \x2990-\x3001 -> c11, 
\x3006-\x3010 -> c12, \x3014-\x3016 -> c12, \x3018-\x3021 -> c12, \x3024-\x3024 -> c11, \x3031-\x3031 -> c12, \x3046-\x3055 -> c12, 
\x3073-\x3075 -> c12, \x3077-\x3084 -> c11, \x3086-\x3088 -> c11, \x3090-\x3112 -> c11, \x3114-\x3123 -> c11, \x3125-\x3129 -> c11, 
\x3133-\x3133 -> c11, \x3134-\x3140 -> c12, \x3142-\x3144 -> c12, \x3146-\x3149 -> c12, \x3157-\x3158 -> c12, \x3160-\x3161 -> c11, 
\x3168-\x3169 -> c11, \x3170-\x3171 -> c12, \x3174-\x3183 -> c12, \x3202-\x3203 -> c12, \x3205-\x3212 -> c11, \x3214-\x3216 -> c11, 
\x3218-\x3240 -> c11, \x3242-\x3251 -> c11, \x3253-\x3257 -> c11, \x3260-\x3260 -> c12, \x3261-\x3261 -> c11, \x3262-\x3268 -> c12, 
\x3270-\x3272 -> c12, \x3274-\x3277 -> c12, \x3285-\x3286 -> c12, \x3294-\x3294 -> c11, \x3296-\x3297 -> c11, \x3298-\x3299 -> c12, 
\x3302-\x3311 -> c12, \x3313-\x3314 -> c11, \x3330-\x3331 -> c12, \x3333-\x3340 -> c11, \x3342-\x3344 -> c11, \x3346-\x3386 -> c11, 
\x3389-\x3389 -> c11, \x3390-\x3396 -> c12, \x3398-\x3400 -> c12, \x3402-\x3405 -> c12, \x3406-\x3406 -> c11, \x3415-\x3415 -> c12, 
\x3424-\x3425 -> c11, \x3426-\x3427 -> c12, \x3430-\x3439 -> c12, \x3450-\x3455 -> c11, \x3458-\x3459 -> c12, \x3461-\x3478 -> c11, 
\x3482-\x3505 -> c11, \x3507-\x3515 -> c11, \x3517-\x3517 -> c11, \x3520-\x3526 -> c11, \x3530-\x3530 -> c12, \x3535-\x3540 -> c12, 
\x3542-\x3542 -> c12, \x3544-\x3551 -> c12, \x3570-\x3571 -> c12, \x3585-\x3632 -> c11, \x3633-\x3633 -> c12, \x3634-\x3635 -> c11, 
\x3636-\x3642 -> c12, \x3648-\x3654 -> c11, \x3655-\x3662 -> c12, \x3664-\x3673 -> c12, \x3713-\x3714 -> c11, \x3716-\x3716 -> c11, 
\x3719-\x3720 -> c11, \x3722-\x3722 -> c11, \x3725-\x3725 -> c11, \x3732-\x3735 -> c11, \x3737-\x3743 -> c11, \x3745-\x3747 -> c11, 
\x3749-\x3749 -> c11, \x3751-\x3751 -> c11, \x3754-\x3755 -> c11, \x3757-\x3760 -> c11, \x3761-\x3761 -> c12, \x3762-\x3763 -> c11, 
\x3764-\x3769 -> c12, \x3771-\x3772 -> c12, \x3773-\x3773 -> c11, \x3776-\x3780 -> c11, \x3782-\x3782 -> c11, \x3784-\x3789 -> c12, 
\x3792-\x3801 -> c12, \x3804-\x3807 -> c11, \x3840-\x3840 -> c11, \x3864-\x3865 -> c12, \x3872-\x3881 -> c12, \x3893-\x3893 -> c12, 
\x3895-\x3895 -> c12, \x3897-\x3897 -> c12, \x3902-\x3903 -> c12, \x3904-\x3911 -> c11, \x3913-\x3948 -> c11, \x3953-\x3972 -> c12, 
\x3974-\x3975 -> c12, \x3976-\x3980 -> c11, \x3981-\x3991 -> c12, \x3993-\x4028 -> c12, \x4038-\x4038 -> c12, \x4096-\x4138 -> c11, 
\x4139-\x4158 -> c12, \x4159-\x4159 -> c11, \x4160-\x4169 -> c12, \x4176-\x4181 -> c11, \x4182-\x4185 -> c12, \x4186-\x4189 -> c11, 
\x4190-\x4192 -> c12, \x4193-\x4193 -> c11, \x4194-\x4196 -> c12, \x4197-\x4198 -> c11, \x4199-\x4205 -> c12, \x4206-\x4208 -> c11, 
\x4209-\x4212 -> c12, \x4213-\x4225 -> c11, \x4226-\x4237 -> c12, \x4238-\x4238 -> c11, \x4239-\x4253 -> c12, \x4256-\x4293 -> c11, 
\x4295-\x4295 -> c11, \x4301-\x4301 -> c11, \x4304-\x4346 -> c11, \x4348-\x4680 -> c11, \x4682-\x4685 -> c11, \x4688-\x4694 -> c11, 
\x4696-\x4696 -> c11, \x4698-\x4701 -> c11, \x4704-\x4744 -> c11, \x4746-\x4749 -> c11, \x4752-\x4784 -> c11, \x4786-\x4789 -> c11, 
\x4792-\x4798 -> c11, \x4800-\x4800 -> c11, \x4802-\x4805 -> c11, \x4808-\x4822 -> c11, \x4824-\x4880 -> c11, \x4882-\x4885 -> c11, 
\x4888-\x4954 -> c11, \x4957-\x4959 -> c12, \x4992-\x5007 -> c11, \x5024-\x5108 -> c11, \x5121-\x5740 -> c11, \x5743-\x5759 -> c11, 
\x5761-\x5786 -> c11, \x5792-\x5866 -> c11, \x5870-\x5872 -> c11, \x5888-\x5900 -> c11, \x5902-\x5905 -> c11, \x5906-\x5908 -> c12, 
\x5920-\x5937 -> c11, \x5938-\x5940 -> c12, \x5952-\x5969 -> c11, \x5970-\x5971 -> c12, \x5984-\x5996 -> c11, \x5998-\x6000 -> c11, 
\x6002-\x6003 -> c12, \x6016-\x6067 -> c11, \x6068-\x6099 -> c12, \x6103-\x6103 -> c11, \x6108-\x6108 -> c11, \x6109-\x6109 -> c12, 
\x6112-\x6121 -> c12, \x6155-\x6157 -> c12, \x6160-\x6169 -> c12, \x6176-\x6263 -> c11, \x6272-\x6312 -> c11, \x6313-\x6313 -> c12, 
\x6314-\x6314 -> c11, \x6320-\x6389 -> c11, \x6400-\x6428 -> c11, \x6432-\x6443 -> c12, \x6448-\x6459 -> c12, \x6470-\x6479 -> c12, 
\x6480-\x6509 -> c11, \x6512-\x6516 -> c11, \x6528-\x6571 -> c11, \x6576-\x6592 -> c12, \x6593-\x6599 -> c11, \x6600-\x6601 -> c12, 
\x6608-\x6617 -> c12, \x6656-\x6678 -> c11, \x6679-\x6683 -> c12, \x6688-\x6740 -> c11, \x6741-\x6750 -> c12, \x6752-\x6780 -> c12, 
\x6783-\x6793 -> c12, \x6800-\x6809 -> c12, \x6823-\x6823 -> c11, \x6912-\x6916 -> c12, \x6917-\x6963 -> c11, \x6964-\x6980 -> c12, 
\x6981-\x6987 -> c11, \x6992-\x7001 -> c12, \x7019-\x7027 -> c12, \x7040-\x7042 -> c12, \x7043-\x7072 -> c11, \x7073-\x7085 -> c12, 
\x7086-\x7087 -> c11, \x7088-\x7097 -> c12, \x7098-\x7141 -> c11, \x7142-\x7155 -> c12, \x7168-\x7203 -> c11, \x7204-\x7223 -> c12, 
\x7232-\x7241 -> c12, \x7245-\x7247 -> c11, \x7248-\x7257 -> c12, \x7258-\x7293 -> c11, \x7376-\x7378 -> c12, \x7380-\x7400 -> c12, 
\x7401-\x7404 -> c11, \x7405-\x7405 -> c12, \x7406-\x7409 -> c11, \x7410-\x7412 -> c12, \x7413-\x7414 -> c11, \x7424-\x7615 -> c11, 
\x7616-\x7654 -> c12, \x7676-\x7679 -> c12, \x7680-\x7957 -> c11, \x7960-\x7965 -> c11, \x7968-\x8005 -> c11, \x8008-\x8013 -> c11, 
\x8016-\x8023 -> c11, \x8025-\x8025 -> c11, \x8027-\x8027 -> c11, \x8029-\x8029 -> c11, \x8031-\x8061 -> c11, \x8064-\x8116 -> c11, 
\x8118-\x8124 -> c11, \x8126-\x8126 -> c11, \x8130-\x8132 -> c11, \x8134-\x8140 -> c11, \x8144-\x8147 -> c11, \x8150-\x8155 -> c11, 
\x8160-\x8172 -> c11, \x8178-\x8180 -> c11, \x8182-\x8188 -> c11, \x8204-\x8205 -> c12, \x8255-\x8256 -> c12, \x8276-\x8276 -> c12, 
\x8305-\x8305 -> c11, \x8319-\x8319 -> c11, \x8336-\x8348 -> c11, \x8400-\x8412 -> c12, \x8417-\x8417 -> c12, \x8421-\x8432 -> c12, 
\x8450-\x8450 -> c11, \x8455-\x8455 -> c11, \x8458-\x8467 -> c11, \x8469-\x8469 -> c11, \x8473-\x8477 -> c11, \x8484-\x8484 -> c11, 
\x8486-\x8486 -> c11, \x8488-\x8488 -> c11, \x8490-\x8493 -> c11, \x8495-\x8505 -> c11, \x8508-\x8511 -> c11, \x8517-\x8521 -> c11, 
\x8526-\x8526 -> c11, \x8544-\x8584 -> c11, \x11264-\x11310 -> c11, \x11312-\x11358 -> c11, \x11360-\x11492 -> c11, \x11499-\x11502 -> c11, 
\x11503-\x11505 -> c12, \x11506-\x11507 -> c11, \x11520-\x11557 -> c11, \x11559-\x11559 -> c11, \x11565-\x11565 -> c11, \x11568-\x11623 -> c11, 
\x11631-\x11631 -> c11, \x11647-\x11647 -> c12, \x11648-\x11670 -> c11, \x11680-\x11686 -> c11, \x11688-\x11694 -> c11, \x11696-\x11702 -> c11, 
\x11704-\x11710 -> c11, \x11712-\x11718 -> c11, \x11720-\x11726 -> c11, \x11728-\x11734 -> c11, \x11736-\x11742 -> c11, \x11744-\x11775 -> c12, 
\x11823-\x11823 -> c11, \x12290-\x12290 -> c13, \x12293-\x12295 -> c11, \x12321-\x12329 -> c11, \x12330-\x12335 -> c12, \x12337-\x12341 -> c11, 
\x12344-\x12348 -> c11, \x12353-\x12438 -> c11, \x12441-\x12442 -> c12, \x12445-\x12447 -> c11, \x12449-\x12538 -> c11, \x12540-\x12543 -> c11, 
\x12549-\x12589 -> c11, \x12593-\x12686 -> c11, \x12704-\x12730 -> c11, \x12784-\x12799 -> c11, \x13312-\x19893 -> c11, \x19968-\x19980 -> c11, 
\x19981-\x19981 -> c14, \x19982-\x19987 -> c11, \x19988-\x19988 -> c15, \x19989-\x20039 -> c11, \x20040-\x20040 -> c16, \x20041-\x20109 -> c11, 
\x20110-\x20110 -> c17, \x20111-\x20195 -> c11, \x20196-\x20196 -> c18, \x20197-\x21016 -> c11, \x21017-\x21017 -> c19, \x21018-\x21541 -> c11, 
\x21542-\x21542 -> c20, \x21543-\x22913 -> c11, \x22914-\x22914 -> c21, \x22915-\x22986 -> c11, \x22987-\x22987 -> c22, \x22988-\x23544 -> c11, 
\x23545-\x23545 -> c23, \x23546-\x24319 -> c11, \x24320-\x24320 -> c24, \x24321-\x24402 -> c11, \x24403-\x24403 -> c25, \x24404-\x25109 -> c11, 
\x25110-\x25110 -> c26, \x25111-\x26158 -> c11, \x26159-\x26159 -> c27, \x26160-\x26462 -> c11, \x26463-\x26463 -> c28, \x26464-\x26523 -> c11, 
\x26524-\x26524 -> c29, \x26525-\x32466 -> c11, \x32467-\x32467 -> c30, \x32468-\x37026 -> c11, \x37027-\x37027 -> c31, \x37028-\x40908 -> c11, 
\x40960-\x42124 -> c11, \x42192-\x42237 -> c11, \x42240-\x42508 -> c11, \x42512-\x42527 -> c11, \x42528-\x42537 -> c12, \x42538-\x42539 -> c11, 
\x42560-\x42606 -> c11, \x42607-\x42607 -> c12, \x42612-\x42621 -> c12, \x42623-\x42647 -> c11, \x42655-\x42655 -> c12, \x42656-\x42735 -> c11, 
\x42736-\x42737 -> c12, \x42775-\x42783 -> c11, \x42786-\x42888 -> c11, \x42891-\x42894 -> c11, \x42896-\x42899 -> c11, \x42912-\x42922 -> c11, 
\x43000-\x43009 -> c11, \x43010-\x43010 -> c12, \x43011-\x43013 -> c11, \x43014-\x43014 -> c12, \x43015-\x43018 -> c11, \x43019-\x43019 -> c12, 
\x43020-\x43042 -> c11, \x43043-\x43047 -> c12, \x43072-\x43123 -> c11, \x43136-\x43137 -> c12, \x43138-\x43187 -> c11, \x43188-\x43204 -> c12, 
\x43216-\x43225 -> c12, \x43232-\x43249 -> c12, \x43250-\x43255 -> c11, \x43259-\x43259 -> c11, \x43264-\x43273 -> c12, \x43274-\x43301 -> c11, 
\x43302-\x43309 -> c12, \x43312-\x43334 -> c11, \x43335-\x43347 -> c12, \x43360-\x43388 -> c11, \x43392-\x43395 -> c12, \x43396-\x43442 -> c11, 
\x43443-\x43456 -> c12, \x43471-\x43471 -> c11, \x43472-\x43481 -> c12, \x43520-\x43560 -> c11, \x43561-\x43574 -> c12, \x43584-\x43586 -> c11, 
\x43587-\x43587 -> c12, \x43588-\x43595 -> c11, \x43596-\x43597 -> c12, \x43600-\x43609 -> c12, \x43616-\x43638 -> c11, \x43642-\x43642 -> c11, 
\x43643-\x43643 -> c12, \x43648-\x43695 -> c11, \x43696-\x43696 -> c12, \x43697-\x43697 -> c11, \x43698-\x43700 -> c12, \x43701-\x43702 -> c11, 
\x43703-\x43704 -> c12, \x43705-\x43709 -> c11, \x43710-\x43711 -> c12, \x43712-\x43712 -> c11, \x43713-\x43713 -> c12, \x43714-\x43714 -> c11, 
\x43739-\x43741 -> c11, \x43744-\x43754 -> c11, \x43755-\x43759 -> c12, \x43762-\x43764 -> c11, \x43765-\x43766 -> c12, \x43777-\x43782 -> c11, 
\x43785-\x43790 -> c11, \x43793-\x43798 -> c11, \x43808-\x43814 -> c11, \x43816-\x43822 -> c11, \x43968-\x44002 -> c11, \x44003-\x44010 -> c12, 
\x44012-\x44013 -> c12, \x44016-\x44025 -> c12, \x44032-\x55203 -> c11, \x55216-\x55238 -> c11, \x55243-\x55291 -> c11, \x63744-\x64109 -> c11, 
\x64112-\x64217 -> c11, \x64256-\x64262 -> c11, \x64275-\x64279 -> c11, \x64285-\x64285 -> c11, \x64286-\x64286 -> c12, \x64287-\x64296 -> c11, 
\x64298-\x64310 -> c11, \x64312-\x64316 -> c11, \x64318-\x64318 -> c11, \x64320-\x64321 -> c11, \x64323-\x64324 -> c11, \x64326-\x64433 -> c11, 
\x64467-\x64829 -> c11, \x64848-\x64911 -> c11, \x64914-\x64967 -> c11, \x65008-\x65019 -> c11, \x65024-\x65039 -> c12, \x65056-\x65062 -> c12, 
\x65075-\x65076 -> c12, \x65101-\x65103 -> c12, \x65136-\x65140 -> c11, \x65142-\x65276 -> c11, \x65288-\x65288 -> c32, \x65289-\x65289 -> c33, 
\x65292-\x65292 -> c34, \x65296-\x65305 -> c12, \x65313-\x65338 -> c11, \x65343-\x65343 -> c12, \x65345-\x65370 -> c11, \x65382-\x65470 -> c11, 
\x65474-\x65479 -> c11, \x65482-\x65487 -> c11, \x65490-\x65495 -> c11, \x65498-\x65500 -> c11, 
state 0:
    c0: state 1
    c1: state 2
    c2: state 3
    c3: state 4
    c4: state 5
    c5: state 6
    c6: state 7
    c7: state 8
    c8: state 9
    c9: state 10
    c10: state 1
    c11: state 11
    c13: state 12
    c14: state 13
    c15: state 14
    c16: state 11
    c17: state 11
    c18: state 15
    c19: state 11
    c20: state 16
    c21: state 17
    c22: state 11
    c23: state 18
    c24: state 19
    c25: state 20
    c26: state 21
    c27: state 11
    c28: state 11
    c29: state 11
    c30: state 22
    c31: state 23
    c32: state 24
    c33: state 25
    c34: state 26
state 1:
    end = 0
    c0: state 27
    c6: state 28
    c10: state 27
    c11: state 29
    c12: state 30
    c14: state 29
    c15: state 29
    c16: state 29
    c17: state 29
    c18: state 29
    c19: state 29
    c20: state 29
    c21: state 29
    c22: state 29
    c23: state 29
    c24: state 29
    c25: state 29
    c26: state 29
    c27: state 29
    c28: state 29
    c29: state 29
    c30: state 29
    c31: state 29
state 2:
    end = 22
    c1: state 31
state 3:
    end = 20
state 4:
    end = 21
state 5:
    c6: state 32
state 6:
    end = 23
state 7:
    end = 1
    c4: state 33
    c6: state 7
    c10: state 34
state 8:
    end = 16
    c8: state 35
state 9:
    end = 14
    c8: state 36
state 10:
    end = 17
    c8: state 37
state 11:
    end = 0
    c0: state 27
    c6: state 28
    c10: state 27
    c11: state 29
    c12: state 30
    c14: state 29
    c15: state 29
    c16: state 29
    c17: state 29
    c18: state 29
    c19: state 29
    c20: state 29
    c21: state 29
    c22: state 29
    c23: state 29
    c24: state 29
    c25: state 29
    c26: state 29
    c27: state 29
    c28: state 29
    c29: state 29
    c30: state 29
    c31: state 29
state 12:
    end = 12
state 13:
    end = 0
    c0: state 27
    c6: state 28
    c10: state 27
    c11: state 29
    c12: state 30
    c14: state 29
    c15: state 29
    c16: state 29
    c17: state 29
    c18: state 29
    c19: state 29
    c20: state 29
    c21: state 29
    c22: state 29
    c23: state 29
    c24: state 29
    c25: state 29
    c26: state 29
    c27: state 38
    c28: state 29
    c29: state 29
    c30: state 29
    c31: state 29
state 14:
    end = 25
    c0: state 27
    c6: state 28
    c10: state 27
    c11: state 29
    c12: state 30
    c14: state 29
    c15: state 29
    c16: state 29
    c17: state 29
    c18: state 29
    c19: state 29
    c20: state 29
    c21: state 29
    c22: state 29
    c23: state 29
    c24: state 29
    c25: state 29
    c26: state 29
    c27: state 29
    c28: state 29
    c29: state 29
    c30: state 29
    c31: state 29
state 15:
    end = 9
    c0: state 27
    c6: state 28
    c10: state 27
    c11: state 29
    c12: state 30
    c14: state 29
    c15: state 29
    c16: state 29
    c17: state 29
    c18: state 29
    c19: state 29
    c20: state 29
    c21: state 29
    c22: state 29
    c23: state 29
    c24: state 29
    c25: state 29
    c26: state 29
    c27: state 29
    c28: state 29
    c29: state 29
    c30: state 29
    c31: state 29
state 16:
    end = 0
    c0: state 27
    c6: state 28
    c10: state 27
    c11: state 29
    c12: state 30
    c14: state 29
    c15: state 29
    c16: state 29
    c17: state 29
    c18: state 29
    c19: state 39
    c20: state 29
    c21: state 29
    c22: state 29
    c23: state 29
    c24: state 29
    c25: state 29
    c26: state 29
    c27: state 29
    c28: state 29
    c29: state 29
    c30: state 29
    c31: state 29
state 17:
    end = 0
    c0: state 27
    c6: state 28
    c10: state 27
    c11: state 29
    c12: state 30
    c14: state 29
    c15: state 29
    c16: state 29
    c17: state 29
    c18: state 29
    c19: state 29
    c20: state 29
    c21: state 29
    c22: state 29
    c23: state 29
    c24: state 29
    c25: state 29
    c26: state 29
    c27: state 29
    c28: state 29
    c29: state 40
    c30: state 29
    c31: state 29
state 18:
    end = 0
    c0: state 27
    c6: state 28
    c10: state 27
    c11: state 29
    c12: state 30
    c14: state 29
    c15: state 29
    c16: state 29
    c17: state 41
    c18: state 29
    c19: state 29
    c20: state 29
    c21: state 29
    c22: state 29
    c23: state 29
    c24: state 29
    c25: state 29
    c26: state 29
    c27: state 29
    c28: state 29
    c29: state 29
    c30: state 29
    c31: state 29
state 19:
    end = 0
    c0: state 27
    c6: state 28
    c10: state 27
    c11: state 29
    c12: state 30
    c14: state 29
    c15: state 29
    c16: state 29
    c17: state 29
    c18: state 29
    c19: state 29
    c20: state 29
    c21: state 29
    c22: state 42
    c23: state 29
    c24: state 29
    c25: state 29
    c26: state 29
    c27: state 29
    c28: state 29
    c29: state 29
    c30: state 29
    c31: state 29
state 20:
    end = 7
    c0: state 27
    c6: state 28
    c10: state 27
    c11: state 29
    c12: state 30
    c14: state 29
    c15: state 29
    c16: state 29
    c17: state 29
    c18: state 29
    c19: state 29
    c20: state 29
    c21: state 29
    c22: state 29
    c23: state 29
    c24: state 29
    c25: state 29
    c26: state 29
    c27: state 29
    c28: state 29
    c29: state 29
    c30: state 29
    c31: state 29
state 21:
    end = 26
    c0: state 27
    c6: state 28
    c10: state 27
    c11: state 29
    c12: state 30
    c14: state 29
    c15: state 29
    c16: state 29
    c17: state 29
    c18: state 29
    c19: state 29
    c20: state 29
    c21: state 29
    c22: state 29
    c23: state 29
    c24: state 29
    c25: state 29
    c26: state 29
    c27: state 29
    c28: state 29
    c29: state 29
    c30: state 29
    c31: state 29
state 22:
    end = 0
    c0: state 27
    c6: state 28
    c10: state 27
    c11: state 29
    c12: state 30
    c14: state 29
    c15: state 29
    c16: state 29
    c17: state 29
    c18: state 29
    c19: state 29
    c20: state 29
    c21: state 29
    c22: state 29
    c23: state 29
    c24: state 29
    c25: state 29
    c26: state 29
    c27: state 29
    c28: state 43
    c29: state 29
    c30: state 29
    c31: state 29
state 23:
    end = 0
    c0: state 27
    c6: state 28
    c10: state 27
    c11: state 29
    c12: state 30
    c14: state 29
    c15: state 29
    c16: state 44
    c17: state 29
    c18: state 29
    c19: state 29
    c20: state 29
    c21: state 29
    c22: state 29
    c23: state 29
    c24: state 29
    c25: state 29
    c26: state 29
    c27: state 29
    c28: state 29
    c29: state 29
    c30: state 29
    c31: state 29
state 24:
    end = 10
state 25:
    end = 11
state 26:
    end = 13
state 27:
    end = 0
    c0: state 27
    c6: state 28
    c10: state 27
    c11: state 29
    c12: state 30
    c14: state 29
    c15: state 29
    c16: state 29
    c17: state 29
    c18: state 29
    c19: state 29
    c20: state 29
    c21: state 29
    c22: state 29
    c23: state 29
    c24: state 29
    c25: state 29
    c26: state 29
    c27: state 29
    c28: state 29
    c29: state 29
    c30: state 29
    c31: state 29
state 28:
    end = 0
    c0: state 27
    c6: state 28
    c10: state 27
    c11: state 29
    c12: state 30
    c14: state 29
    c15: state 29
    c16: state 29
    c17: state 29
    c18: state 29
    c19: state 29
    c20: state 29
    c21: state 29
    c22: state 29
    c23: state 29
    c24: state 29
    c25: state 29
    c26: state 29
    c27: state 29
    c28: state 29
    c29: state 29
    c30: state 29
    c31: state 29
state 29:
    end = 0
    c0: state 27
    c6: state 28
    c10: state 27
    c11: state 29
    c12: state 30
    c14: state 29
    c15: state 29
    c16: state 29
    c17: state 29
    c18: state 29
    c19: state 29
    c20: state 29
    c21: state 29
    c22: state 29
    c23: state 29
    c24: state 29
    c25: state 29
    c26: state 29
    c27: state 29
    c28: state 29
    c29: state 29
    c30: state 29
    c31: state 29
state 30:
    end = 0
    c0: state 27
    c6: state 28
    c10: state 27
    c11: state 29
    c12: state 30
    c14: state 29
    c15: state 29
    c16: state 29
    c17: state 29
    c18: state 29
    c19: state 29
    c20: state 29
    c21: state 29
    c22: state 29
    c23: state 29
    c24: state 29
    c25: state 29
    c26: state 29
    c27: state 29
    c28: state 29
    c29: state 29
    c30: state 29
    c31: state 29
state 31:
    end = 24
state 32:
    end = 1
    c6: state 32
    c10: state 34
state 33:
    end = 1
    c6: state 45
    c10: state 34
state 34:
    c6: state 46
state 35:
    end = 18
state 36:
    end = 15
state 37:
    end = 19
state 38:
    end = 27
    c0: state 27
    c6: state 28
    c10: state 27
    c11: state 29
    c12: state 30
    c14: state 29
    c15: state 29
    c16: state 29
    c17: state 29
    c18: state 29
    c19: state 29
    c20: state 29
    c21: state 29
    c22: state 29
    c23: state 29
    c24: state 29
    c25: state 29
    c26: state 29
    c27: state 29
    c28: state 29
    c29: state 29
    c30: state 29
    c31: state 29
state 39:
    end = 6
    c0: state 27
    c6: state 28
    c10: state 27
    c11: state 29
    c12: state 30
    c14: state 29
    c15: state 29
    c16: state 29
    c17: state 29
    c18: state 29
    c19: state 29
    c20: state 29
    c21: state 29
    c22: state 29
    c23: state 29
    c24: state 29
    c25: state 29
    c26: state 29
    c27: state 29
    c28: state 29
    c29: state 29
    c30: state 29
    c31: state 29
state 40:
    end = 4
    c0: state 27
    c6: state 28
    c10: state 27
    c11: state 29
    c12: state 30
    c14: state 29
    c15: state 29
    c16: state 29
    c17: state 29
    c18: state 29
    c19: state 29
    c20: state 29
    c21: state 29
    c22: state 29
    c23: state 29
    c24: state 29
    c25: state 29
    c26: state 29
    c27: state 29
    c28: state 29
    c29: state 29
    c30: state 29
    c31: state 29
state 41:
    end = 8
    c0: state 27
    c6: state 28
    c10: state 27
    c11: state 29
    c12: state 30
    c14: state 29
    c15: state 29
    c16: state 29
    c17: state 29
    c18: state 29
    c19: state 29
    c20: state 29
    c21: state 29
    c22: state 29
    c23: state 29
    c24: state 29
    c25: state 29
    c26: state 29
    c27: state 29
    c28: state 29
    c29: state 29
    c30: state 29
    c31: state 29
state 42:
    end = 2
    c0: state 27
    c6: state 28
    c10: state 27
    c11: state 29
    c12: state 30
    c14: state 29
    c15: state 29
    c16: state 29
    c17: state 29
    c18: state 29
    c19: state 29
    c20: state 29
    c21: state 29
    c22: state 29
    c23: state 29
    c24: state 29
    c25: state 29
    c26: state 29
    c27: state 29
    c28: state 29
    c29: state 29
    c30: state 29
    c31: state 29
state 43:
    end = 3
    c0: state 27
    c6: state 28
    c10: state 27
    c11: state 29
    c12: state 30
    c14: state 29
    c15: state 29
    c16: state 29
    c17: state 29
    c18: state 29
    c19: state 29
    c20: state 29
    c21: state 29
    c22: state 29
    c23: state 29
    c24: state 29
    c25: state 29
    c26: state 29
    c27: state 29
    c28: state 29
    c29: state 29
    c30: state 29
    c31: state 29
state 44:
    end = 5
    c0: state 27
    c6: state 28
    c10: state 27
    c11: state 29
    c12: state 30
    c14: state 29
    c15: state 29
    c16: state 29
    c17: state 29
    c18: state 29
    c19: state 29
    c20: state 29
    c21: state 29
    c22: state 29
    c23: state 29
    c24: state 29
    c25: state 29
    c26: state 29
    c27: state 29
    c28: state 29
    c29: state 29
    c30: state 29
    c31: state 29
state 45:
    end = 1
    c6: state 45
    c10: state 34
state 46:
    end = 1
    c6: state 46


state 0
    [ 0: (accept) => . 开始 <EOF> ]*
    [ 1: 开始 => . 外层语句块 ]
    [ 2: 外层语句块 => . 外层语句块 外层语句 ]
    [ 3: 外层语句块 => . ]
    default action: reduce with rule 3
    开始 : go to state 1
    外层语句块 : go to state 2


state 1
    [ 0: (accept) => 开始 . <EOF> ]*
    no default action
    <EOF> : shift, and go to state 3


state 2
    [ 1: 开始 => 外层语句块 . ]*
    [ 2: 外层语句块 => 外层语句块 . 外层语句 ]*
    [ 4: 外层语句 => . 语句 ]
    [ 7: 语句 => . "开始" 语句块 "结束" ]
    [ 8: 语句 => . 表达式 "。" ]
    [ 9: 语句 => . "令" 定义表达式列表 "。" ]
    [ 10: 语句 => . "如果" 表达式 "那么" 语句 否则语句 ]
    [ 11: 语句 => . "当" "（" 表达式 "）" 语句 ]
    [ 16: 表达式 => . 表达式 "或" 表达式 ]
    [ 17: 表达式 => . 表达式 "且" 表达式 ]
    [ 18: 表达式 => . 表达式 "=" 表达式 ]
    [ 19: 表达式 => . 表达式 "==" 表达式 ]
    [ 20: 表达式 => . 表达式 ">=" 表达式 ]
    [ 21: 表达式 => . 表达式 "<=" 表达式 ]
    [ 22: 表达式 => . 表达式 ">" 表达式 ]
    [ 23: 表达式 => . 表达式 "<" 表达式 ]
    [ 24: 表达式 => . 表达式 "+" 表达式 ]
    [ 25: 表达式 => . 表达式 "-" 表达式 ]
    [ 26: 表达式 => . 表达式 "*" 表达式 ]
    [ 27: 表达式 => . 表达式 "/" 表达式 ]
    [ 28: 表达式 => . 表达式 "**" 表达式 ]
    [ 29: 表达式 => . "（" 表达式 "）" ]
    [ 30: 表达式 => . "不是" 表达式 ]
    [ 31: 表达式 => . "+" 表达式 ]
    [ 32: 表达式 => . "-" 表达式 ]
    [ 33: 表达式 => . <NAME> ]
    [ 34: 表达式 => . <NUM> ]
    default action: reduce with rule 1
    <NAME> : shift, and go to state 16
    <NUM> : shift, and go to state 17
    "开始" : shift, and go to state 18
    "如果" : shift, and go to state 21
    "当" : shift, and go to state 22
    "令" : shift, and go to state 20
    "（" : shift, and go to state 12
    "+" : shift, and go to state 14
    "-" : shift, and go to state 15
    "不是" : shift, and go to state 13
    外层语句 : go to state 4
    语句 : go to state 5
    表达式 : go to state 19


state 3
    [ 0: (accept) => 开始 <EOF> . ]*
    default action: reduce with rule 0


state 4
    [ 2: 外层语句块 => 外层语句块 外层语句 . ]*
    default action: reduce with rule 2


state 5
    [ 4: 外层语句 => 语句 . ]*
    default action: reduce with rule 4


state 6
    [ 13: 定义表达式列表 => <NAME> . "=" 表达式 ]*
    no default action
    "=" : shift, and go to state 9


state 7
    [ 5: 语句块 => 语句块 语句 . ]*
    default action: reduce with rule 5


state 8
    [ 12: 定义表达式列表 => 定义表达式列表 "，" . <NAME> "=" 表达式 ]*
    no default action
    <NAME> : shift, and go to state 10


state 9
    [ 13: 定义表达式列表 => <NAME> "=" . 表达式 ]*
    [ 16: 表达式 => . 表达式 "或" 表达式 ]
    [ 17: 表达式 => . 表达式 "且" 表达式 ]
    [ 18: 表达式 => . 表达式 "=" 表达式 ]
    [ 19: 表达式 => . 表达式 "==" 表达式 ]
    [ 20: 表达式 => . 表达式 ">=" 表达式 ]
    [ 21: 表达式 => . 表达式 "<=" 表达式 ]
    [ 22: 表达式 => . 表达式 ">" 表达式 ]
    [ 23: 表达式 => . 表达式 "<" 表达式 ]
    [ 24: 表达式 => . 表达式 "+" 表达式 ]
    [ 25: 表达式 => . 表达式 "-" 表达式 ]
    [ 26: 表达式 => . 表达式 "*" 表达式 ]
    [ 27: 表达式 => . 表达式 "/" 表达式 ]
    [ 28: 表达式 => . 表达式 "**" 表达式 ]
    [ 29: 表达式 => . "（" 表达式 "）" ]
    [ 30: 表达式 => . "不是" 表达式 ]
    [ 31: 表达式 => . "+" 表达式 ]
    [ 32: 表达式 => . "-" 表达式 ]
    [ 33: 表达式 => . <NAME> ]
    [ 34: 表达式 => . <NUM> ]
    no default action
    <NAME> : shift, and go to state 16
    <NUM> : shift, and go to state 17
    "（" : shift, and go to state 12
    "+" : shift, and go to state 14
    "-" : shift, and go to state 15
    "不是" : shift, and go to state 13
    表达式 : go to state 11


state 10
    [ 12: 定义表达式列表 => 定义表达式列表 "，" <NAME> . "=" 表达式 ]*
    no default action
    "=" : shift, and go to state 23


state 11
    [ 13: 定义表达式列表 => <NAME> "=" 表达式 . ]*
    [ 16: 表达式 => 表达式 . "或" 表达式 ]*
    [ 17: 表达式 => 表达式 . "且" 表达式 ]*
    [ 18: 表达式 => 表达式 . "=" 表达式 ]*
    [ 19: 表达式 => 表达式 . "==" 表达式 ]*
    [ 20: 表达式 => 表达式 . ">=" 表达式 ]*
    [ 21: 表达式 => 表达式 . "<=" 表达式 ]*
    [ 22: 表达式 => 表达式 . ">" 表达式 ]*
    [ 23: 表达式 => 表达式 . "<" 表达式 ]*
    [ 24: 表达式 => 表达式 . "+" 表达式 ]*
    [ 25: 表达式 => 表达式 . "-" 表达式 ]*
    [ 26: 表达式 => 表达式 . "*" 表达式 ]*
    [ 27: 表达式 => 表达式 . "/" 表达式 ]*
    [ 28: 表达式 => 表达式 . "**" 表达式 ]*
    default action: reduce with rule 13
    "=" : shift, and go to state 26
    "==" : shift, and go to state 27
    "<" : shift, and go to state 31
    ">" : shift, and go to state 30
    "<=" : shift, and go to state 29
    ">=" : shift, and go to state 28
    "+" : shift, and go to state 32
    "-" : shift, and go to state 33
    "*" : shift, and go to state 34
    "/" : shift, and go to state 35
    "**" : shift, and go to state 36
    "且" : shift, and go to state 25
    "或" : shift, and go to state 24


state 12
    [ 29: 表达式 => "（" . 表达式 "）" ]*
    [ 16: 表达式 => . 表达式 "或" 表达式 ]
    [ 17: 表达式 => . 表达式 "且" 表达式 ]
    [ 18: 表达式 => . 表达式 "=" 表达式 ]
    [ 19: 表达式 => . 表达式 "==" 表达式 ]
    [ 20: 表达式 => . 表达式 ">=" 表达式 ]
    [ 21: 表达式 => . 表达式 "<=" 表达式 ]
    [ 22: 表达式 => . 表达式 ">" 表达式 ]
    [ 23: 表达式 => . 表达式 "<" 表达式 ]
    [ 24: 表达式 => . 表达式 "+" 表达式 ]
    [ 25: 表达式 => . 表达式 "-" 表达式 ]
    [ 26: 表达式 => . 表达式 "*" 表达式 ]
    [ 27: 表达式 => . 表达式 "/" 表达式 ]
    [ 28: 表达式 => . 表达式 "**" 表达式 ]
    [ 29: 表达式 => . "（" 表达式 "）" ]
    [ 30: 表达式 => . "不是" 表达式 ]
    [ 31: 表达式 => . "+" 表达式 ]
    [ 32: 表达式 => . "-" 表达式 ]
    [ 33: 表达式 => . <NAME> ]
    [ 34: 表达式 => . <NUM> ]
    no default action
    <NAME> : shift, and go to state 16
    <NUM> : shift, and go to state 17
    "（" : shift, and go to state 12
    "+" : shift, and go to state 14
    "-" : shift, and go to state 15
    "不是" : shift, and go to state 13
    表达式 : go to state 37


state 13
    [ 30: 表达式 => "不是" . 表达式 ]*
    [ 16: 表达式 => . 表达式 "或" 表达式 ]
    [ 17: 表达式 => . 表达式 "且" 表达式 ]
    [ 18: 表达式 => . 表达式 "=" 表达式 ]
    [ 19: 表达式 => . 表达式 "==" 表达式 ]
    [ 20: 表达式 => . 表达式 ">=" 表达式 ]
    [ 21: 表达式 => . 表达式 "<=" 表达式 ]
    [ 22: 表达式 => . 表达式 ">" 表达式 ]
    [ 23: 表达式 => . 表达式 "<" 表达式 ]
    [ 24: 表达式 => . 表达式 "+" 表达式 ]
    [ 25: 表达式 => . 表达式 "-" 表达式 ]
    [ 26: 表达式 => . 表达式 "*" 表达式 ]
    [ 27: 表达式 => . 表达式 "/" 表达式 ]
    [ 28: 表达式 => . 表达式 "**" 表达式 ]
    [ 29: 表达式 => . "（" 表达式 "）" ]
    [ 30: 表达式 => . "不是" 表达式 ]
    [ 31: 表达式 => . "+" 表达式 ]
    [ 32: 表达式 => . "-" 表达式 ]
    [ 33: 表达式 => . <NAME> ]
    [ 34: 表达式 => . <NUM> ]
    no default action
    <NAME> : shift, and go to state 16
    <NUM> : shift, and go to state 17
    "（" : shift, and go to state 12
    "+" : shift, and go to state 14
    "-" : shift, and go to state 15
    "不是" : shift, and go to state 13
    表达式 : go to state 38


state 14
    [ 31: 表达式 => "+" . 表达式 ]*
    [ 16: 表达式 => . 表达式 "或" 表达式 ]
    [ 17: 表达式 => . 表达式 "且" 表达式 ]
    [ 18: 表达式 => . 表达式 "=" 表达式 ]
    [ 19: 表达式 => . 表达式 "==" 表达式 ]
    [ 20: 表达式 => . 表达式 ">=" 表达式 ]
    [ 21: 表达式 => . 表达式 "<=" 表达式 ]
    [ 22: 表达式 => . 表达式 ">" 表达式 ]
    [ 23: 表达式 => . 表达式 "<" 表达式 ]
    [ 24: 表达式 => . 表达式 "+" 表达式 ]
    [ 25: 表达式 => . 表达式 "-" 表达式 ]
    [ 26: 表达式 => . 表达式 "*" 表达式 ]
    [ 27: 表达式 => . 表达式 "/" 表达式 ]
    [ 28: 表达式 => . 表达式 "**" 表达式 ]
    [ 29: 表达式 => . "（" 表达式 "）" ]
    [ 30: 表达式 => . "不是" 表达式 ]
    [ 31: 表达式 => . "+" 表达式 ]
    [ 32: 表达式 => . "-" 表达式 ]
    [ 33: 表达式 => . <NAME> ]
    [ 34: 表达式 => . <NUM> ]
    no default action
    <NAME> : shift, and go to state 16
    <NUM> : shift, and go to state 17
    "（" : shift, and go to state 12
    "+" : shift, and go to state 14
    "-" : shift, and go to state 15
    "不是" : shift, and go to state 13
    表达式 : go to state 39


state 15
    [ 32: 表达式 => "-" . 表达式 ]*
    [ 16: 表达式 => . 表达式 "或" 表达式 ]
    [ 17: 表达式 => . 表达式 "且" 表达式 ]
    [ 18: 表达式 => . 表达式 "=" 表达式 ]
    [ 19: 表达式 => . 表达式 "==" 表达式 ]
    [ 20: 表达式 => . 表达式 ">=" 表达式 ]
    [ 21: 表达式 => . 表达式 "<=" 表达式 ]
    [ 22: 表达式 => . 表达式 ">" 表达式 ]
    [ 23: 表达式 => . 表达式 "<" 表达式 ]
    [ 24: 表达式 => . 表达式 "+" 表达式 ]
    [ 25: 表达式 => . 表达式 "-" 表达式 ]
    [ 26: 表达式 => . 表达式 "*" 表达式 ]
    [ 27: 表达式 => . 表达式 "/" 表达式 ]
    [ 28: 表达式 => . 表达式 "**" 表达式 ]
    [ 29: 表达式 => . "（" 表达式 "）" ]
    [ 30: 表达式 => . "不是" 表达式 ]
    [ 31: 表达式 => . "+" 表达式 ]
    [ 32: 表达式 => . "-" 表达式 ]
    [ 33: 表达式 => . <NAME> ]
    [ 34: 表达式 => . <NUM> ]
    no default action
    <NAME> : shift, and go to state 16
    <NUM> : shift, and go to state 17
    "（" : shift, and go to state 12
    "+" : shift, and go to state 14
    "-" : shift, and go to state 15
    "不是" : shift, and go to state 13
    表达式 : go to state 40


state 16
    [ 33: 表达式 => <NAME> . ]*
    default action: reduce with rule 33


state 17
    [ 34: 表达式 => <NUM> . ]*
    default action: reduce with rule 34


state 18
    [ 7: 语句 => "开始" . 语句块 "结束" ]*
    [ 5: 语句块 => . 语句块 语句 ]
    [ 6: 语句块 => . ]
    default action: reduce with rule 6
    语句块 : go to state 41


state 19
    [ 8: 语句 => 表达式 . "。" ]*
    [ 16: 表达式 => 表达式 . "或" 表达式 ]*
    [ 17: 表达式 => 表达式 . "且" 表达式 ]*
    [ 18: 表达式 => 表达式 . "=" 表达式 ]*
    [ 19: 表达式 => 表达式 . "==" 表达式 ]*
    [ 20: 表达式 => 表达式 . ">=" 表达式 ]*
    [ 21: 表达式 => 表达式 . "<=" 表达式 ]*
    [ 22: 表达式 => 表达式 . ">" 表达式 ]*
    [ 23: 表达式 => 表达式 . "<" 表达式 ]*
    [ 24: 表达式 => 表达式 . "+" 表达式 ]*
    [ 25: 表达式 => 表达式 . "-" 表达式 ]*
    [ 26: 表达式 => 表达式 . "*" 表达式 ]*
    [ 27: 表达式 => 表达式 . "/" 表达式 ]*
    [ 28: 表达式 => 表达式 . "**" 表达式 ]*
    no default action
    "。" : shift, and go to state 42
    "=" : shift, and go to state 26
    "==" : shift, and go to state 27
    "<" : shift, and go to state 31
    ">" : shift, and go to state 30
    "<=" : shift, and go to state 29
    ">=" : shift, and go to state 28
    "+" : shift, and go to state 32
    "-" : shift, and go to state 33
    "*" : shift, and go to state 34
    "/" : shift, and go to state 35
    "**" : shift, and go to state 36
    "且" : shift, and go to state 25
    "或" : shift, and go to state 24


state 20
    [ 9: 语句 => "令" . 定义表达式列表 "。" ]*
    [ 12: 定义表达式列表 => . 定义表达式列表 "，" <NAME> "=" 表达式 ]
    [ 13: 定义表达式列表 => . <NAME> "=" 表达式 ]
    no default action
    <NAME> : shift, and go to state 6
    定义表达式列表 : go to state 43


state 21
    [ 10: 语句 => "如果" . 表达式 "那么" 语句 否则语句 ]*
    [ 16: 表达式 => . 表达式 "或" 表达式 ]
    [ 17: 表达式 => . 表达式 "且" 表达式 ]
    [ 18: 表达式 => . 表达式 "=" 表达式 ]
    [ 19: 表达式 => . 表达式 "==" 表达式 ]
    [ 20: 表达式 => . 表达式 ">=" 表达式 ]
    [ 21: 表达式 => . 表达式 "<=" 表达式 ]
    [ 22: 表达式 => . 表达式 ">" 表达式 ]
    [ 23: 表达式 => . 表达式 "<" 表达式 ]
    [ 24: 表达式 => . 表达式 "+" 表达式 ]
    [ 25: 表达式 => . 表达式 "-" 表达式 ]
    [ 26: 表达式 => . 表达式 "*" 表达式 ]
    [ 27: 表达式 => . 表达式 "/" 表达式 ]
    [ 28: 表达式 => . 表达式 "**" 表达式 ]
    [ 29: 表达式 => . "（" 表达式 "）" ]
    [ 30: 表达式 => . "不是" 表达式 ]
    [ 31: 表达式 => . "+" 表达式 ]
    [ 32: 表达式 => . "-" 表达式 ]
    [ 33: 表达式 => . <NAME> ]
    [ 34: 表达式 => . <NUM> ]
    no default action
    <NAME> : shift, and go to state 16
    <NUM> : shift, and go to state 17
    "（" : shift, and go to state 12
    "+" : shift, and go to state 14
    "-" : shift, and go to state 15
    "不是" : shift, and go to state 13
    表达式 : go to state 44


state 22
    [ 11: 语句 => "当" . "（" 表达式 "）" 语句 ]*
    no default action
    "（" : shift, and go to state 45


state 23
    [ 12: 定义表达式列表 => 定义表达式列表 "，" <NAME> "=" . 表达式 ]*
    [ 16: 表达式 => . 表达式 "或" 表达式 ]
    [ 17: 表达式 => . 表达式 "且" 表达式 ]
    [ 18: 表达式 => . 表达式 "=" 表达式 ]
    [ 19: 表达式 => . 表达式 "==" 表达式 ]
    [ 20: 表达式 => . 表达式 ">=" 表达式 ]
    [ 21: 表达式 => . 表达式 "<=" 表达式 ]
    [ 22: 表达式 => . 表达式 ">" 表达式 ]
    [ 23: 表达式 => . 表达式 "<" 表达式 ]
    [ 24: 表达式 => . 表达式 "+" 表达式 ]
    [ 25: 表达式 => . 表达式 "-" 表达式 ]
    [ 26: 表达式 => . 表达式 "*" 表达式 ]
    [ 27: 表达式 => . 表达式 "/" 表达式 ]
    [ 28: 表达式 => . 表达式 "**" 表达式 ]
    [ 29: 表达式 => . "（" 表达式 "）" ]
    [ 30: 表达式 => . "不是" 表达式 ]
    [ 31: 表达式 => . "+" 表达式 ]
    [ 32: 表达式 => . "-" 表达式 ]
    [ 33: 表达式 => . <NAME> ]
    [ 34: 表达式 => . <NUM> ]
    no default action
    <NAME> : shift, and go to state 16
    <NUM> : shift, and go to state 17
    "（" : shift, and go to state 12
    "+" : shift, and go to state 14
    "-" : shift, and go to state 15
    "不是" : shift, and go to state 13
    表达式 : go to state 46


state 24
    [ 16: 表达式 => 表达式 "或" . 表达式 ]*
    [ 16: 表达式 => . 表达式 "或" 表达式 ]
    [ 17: 表达式 => . 表达式 "且" 表达式 ]
    [ 18: 表达式 => . 表达式 "=" 表达式 ]
    [ 19: 表达式 => . 表达式 "==" 表达式 ]
    [ 20: 表达式 => . 表达式 ">=" 表达式 ]
    [ 21: 表达式 => . 表达式 "<=" 表达式 ]
    [ 22: 表达式 => . 表达式 ">" 表达式 ]
    [ 23: 表达式 => . 表达式 "<" 表达式 ]
    [ 24: 表达式 => . 表达式 "+" 表达式 ]
    [ 25: 表达式 => . 表达式 "-" 表达式 ]
    [ 26: 表达式 => . 表达式 "*" 表达式 ]
    [ 27: 表达式 => . 表达式 "/" 表达式 ]
    [ 28: 表达式 => . 表达式 "**" 表达式 ]
    [ 29: 表达式 => . "（" 表达式 "）" ]
    [ 30: 表达式 => . "不是" 表达式 ]
    [ 31: 表达式 => . "+" 表达式 ]
    [ 32: 表达式 => . "-" 表达式 ]
    [ 33: 表达式 => . <NAME> ]
    [ 34: 表达式 => . <NUM> ]
    no default action
    <NAME> : shift, and go to state 16
    <NUM> : shift, and go to state 17
    "（" : shift, and go to state 12
    "+" : shift, and go to state 14
    "-" : shift, and go to state 15
    "不是" : shift, and go to state 13
    表达式 : go to state 47


state 25
    [ 17: 表达式 => 表达式 "且" . 表达式 ]*
    [ 16: 表达式 => . 表达式 "或" 表达式 ]
    [ 17: 表达式 => . 表达式 "且" 表达式 ]
    [ 18: 表达式 => . 表达式 "=" 表达式 ]
    [ 19: 表达式 => . 表达式 "==" 表达式 ]
    [ 20: 表达式 => . 表达式 ">=" 表达式 ]
    [ 21: 表达式 => . 表达式 "<=" 表达式 ]
    [ 22: 表达式 => . 表达式 ">" 表达式 ]
    [ 23: 表达式 => . 表达式 "<" 表达式 ]
    [ 24: 表达式 => . 表达式 "+" 表达式 ]
    [ 25: 表达式 => . 表达式 "-" 表达式 ]
    [ 26: 表达式 => . 表达式 "*" 表达式 ]
    [ 27: 表达式 => . 表达式 "/" 表达式 ]
    [ 28: 表达式 => . 表达式 "**" 表达式 ]
    [ 29: 表达式 => . "（" 表达式 "）" ]
    [ 30: 表达式 => . "不是" 表达式 ]
    [ 31: 表达式 => . "+" 表达式 ]
    [ 32: 表达式 => . "-" 表达式 ]
    [ 33: 表达式 => . <NAME> ]
    [ 34: 表达式 => . <NUM> ]
    no default action
    <NAME> : shift, and go to state 16
    <NUM> : shift, and go to state 17
    "（" : shift, and go to state 12
    "+" : shift, and go to state 14
    "-" : shift, and go to state 15
    "不是" : shift, and go to state 13
    表达式 : go to state 48


state 26
    [ 18: 表达式 => 表达式 "=" . 表达式 ]*
    [ 16: 表达式 => . 表达式 "或" 表达式 ]
    [ 17: 表达式 => . 表达式 "且" 表达式 ]
    [ 18: 表达式 => . 表达式 "=" 表达式 ]
    [ 19: 表达式 => . 表达式 "==" 表达式 ]
    [ 20: 表达式 => . 表达式 ">=" 表达式 ]
    [ 21: 表达式 => . 表达式 "<=" 表达式 ]
    [ 22: 表达式 => . 表达式 ">" 表达式 ]
    [ 23: 表达式 => . 表达式 "<" 表达式 ]
    [ 24: 表达式 => . 表达式 "+" 表达式 ]
    [ 25: 表达式 => . 表达式 "-" 表达式 ]
    [ 26: 表达式 => . 表达式 "*" 表达式 ]
    [ 27: 表达式 => . 表达式 "/" 表达式 ]
    [ 28: 表达式 => . 表达式 "**" 表达式 ]
    [ 29: 表达式 => . "（" 表达式 "）" ]
    [ 30: 表达式 => . "不是" 表达式 ]
    [ 31: 表达式 => . "+" 表达式 ]
    [ 32: 表达式 => . "-" 表达式 ]
    [ 33: 表达式 => . <NAME> ]
    [ 34: 表达式 => . <NUM> ]
    no default action
    <NAME> : shift, and go to state 16
    <NUM> : shift, and go to state 17
    "（" : shift, and go to state 12
    "+" : shift, and go to state 14
    "-" : shift, and go to state 15
    "不是" : shift, and go to state 13
    表达式 : go to state 49


state 27
    [ 19: 表达式 => 表达式 "==" . 表达式 ]*
    [ 16: 表达式 => . 表达式 "或" 表达式 ]
    [ 17: 表达式 => . 表达式 "且" 表达式 ]
    [ 18: 表达式 => . 表达式 "=" 表达式 ]
    [ 19: 表达式 => . 表达式 "==" 表达式 ]
    [ 20: 表达式 => . 表达式 ">=" 表达式 ]
    [ 21: 表达式 => . 表达式 "<=" 表达式 ]
    [ 22: 表达式 => . 表达式 ">" 表达式 ]
    [ 23: 表达式 => . 表达式 "<" 表达式 ]
    [ 24: 表达式 => . 表达式 "+" 表达式 ]
    [ 25: 表达式 => . 表达式 "-" 表达式 ]
    [ 26: 表达式 => . 表达式 "*" 表达式 ]
    [ 27: 表达式 => . 表达式 "/" 表达式 ]
    [ 28: 表达式 => . 表达式 "**" 表达式 ]
    [ 29: 表达式 => . "（" 表达式 "）" ]
    [ 30: 表达式 => . "不是" 表达式 ]
    [ 31: 表达式 => . "+" 表达式 ]
    [ 32: 表达式 => . "-" 表达式 ]
    [ 33: 表达式 => . <NAME> ]
    [ 34: 表达式 => . <NUM> ]
    no default action
    <NAME> : shift, and go to state 16
    <NUM> : shift, and go to state 17
    "（" : shift, and go to state 12
    "+" : shift, and go to state 14
    "-" : shift, and go to state 15
    "不是" : shift, and go to state 13
    表达式 : go to state 50


state 28
    [ 20: 表达式 => 表达式 ">=" . 表达式 ]*
    [ 16: 表达式 => . 表达式 "或" 表达式 ]
    [ 17: 表达式 => . 表达式 "且" 表达式 ]
    [ 18: 表达式 => . 表达式 "=" 表达式 ]
    [ 19: 表达式 => . 表达式 "==" 表达式 ]
    [ 20: 表达式 => . 表达式 ">=" 表达式 ]
    [ 21: 表达式 => . 表达式 "<=" 表达式 ]
    [ 22: 表达式 => . 表达式 ">" 表达式 ]
    [ 23: 表达式 => . 表达式 "<" 表达式 ]
    [ 24: 表达式 => . 表达式 "+" 表达式 ]
    [ 25: 表达式 => . 表达式 "-" 表达式 ]
    [ 26: 表达式 => . 表达式 "*" 表达式 ]
    [ 27: 表达式 => . 表达式 "/" 表达式 ]
    [ 28: 表达式 => . 表达式 "**" 表达式 ]
    [ 29: 表达式 => . "（" 表达式 "）" ]
    [ 30: 表达式 => . "不是" 表达式 ]
    [ 31: 表达式 => . "+" 表达式 ]
    [ 32: 表达式 => . "-" 表达式 ]
    [ 33: 表达式 => . <NAME> ]
    [ 34: 表达式 => . <NUM> ]
    no default action
    <NAME> : shift, and go to state 16
    <NUM> : shift, and go to state 17
    "（" : shift, and go to state 12
    "+" : shift, and go to state 14
    "-" : shift, and go to state 15
    "不是" : shift, and go to state 13
    表达式 : go to state 51


state 29
    [ 21: 表达式 => 表达式 "<=" . 表达式 ]*
    [ 16: 表达式 => . 表达式 "或" 表达式 ]
    [ 17: 表达式 => . 表达式 "且" 表达式 ]
    [ 18: 表达式 => . 表达式 "=" 表达式 ]
    [ 19: 表达式 => . 表达式 "==" 表达式 ]
    [ 20: 表达式 => . 表达式 ">=" 表达式 ]
    [ 21: 表达式 => . 表达式 "<=" 表达式 ]
    [ 22: 表达式 => . 表达式 ">" 表达式 ]
    [ 23: 表达式 => . 表达式 "<" 表达式 ]
    [ 24: 表达式 => . 表达式 "+" 表达式 ]
    [ 25: 表达式 => . 表达式 "-" 表达式 ]
    [ 26: 表达式 => . 表达式 "*" 表达式 ]
    [ 27: 表达式 => . 表达式 "/" 表达式 ]
    [ 28: 表达式 => . 表达式 "**" 表达式 ]
    [ 29: 表达式 => . "（" 表达式 "）" ]
    [ 30: 表达式 => . "不是" 表达式 ]
    [ 31: 表达式 => . "+" 表达式 ]
    [ 32: 表达式 => . "-" 表达式 ]
    [ 33: 表达式 => . <NAME> ]
    [ 34: 表达式 => . <NUM> ]
    no default action
    <NAME> : shift, and go to state 16
    <NUM> : shift, and go to state 17
    "（" : shift, and go to state 12
    "+" : shift, and go to state 14
    "-" : shift, and go to state 15
    "不是" : shift, and go to state 13
    表达式 : go to state 52


state 30
    [ 22: 表达式 => 表达式 ">" . 表达式 ]*
    [ 16: 表达式 => . 表达式 "或" 表达式 ]
    [ 17: 表达式 => . 表达式 "且" 表达式 ]
    [ 18: 表达式 => . 表达式 "=" 表达式 ]
    [ 19: 表达式 => . 表达式 "==" 表达式 ]
    [ 20: 表达式 => . 表达式 ">=" 表达式 ]
    [ 21: 表达式 => . 表达式 "<=" 表达式 ]
    [ 22: 表达式 => . 表达式 ">" 表达式 ]
    [ 23: 表达式 => . 表达式 "<" 表达式 ]
    [ 24: 表达式 => . 表达式 "+" 表达式 ]
    [ 25: 表达式 => . 表达式 "-" 表达式 ]
    [ 26: 表达式 => . 表达式 "*" 表达式 ]
    [ 27: 表达式 => . 表达式 "/" 表达式 ]
    [ 28: 表达式 => . 表达式 "**" 表达式 ]
    [ 29: 表达式 => . "（" 表达式 "）" ]
    [ 30: 表达式 => . "不是" 表达式 ]
    [ 31: 表达式 => . "+" 表达式 ]
    [ 32: 表达式 => . "-" 表达式 ]
    [ 33: 表达式 => . <NAME> ]
    [ 34: 表达式 => . <NUM> ]
    no default action
    <NAME> : shift, and go to state 16
    <NUM> : shift, and go to state 17
    "（" : shift, and go to state 12
    "+" : shift, and go to state 14
    "-" : shift, and go to state 15
    "不是" : shift, and go to state 13
    表达式 : go to state 53


state 31
    [ 23: 表达式 => 表达式 "<" . 表达式 ]*
    [ 16: 表达式 => . 表达式 "或" 表达式 ]
    [ 17: 表达式 => . 表达式 "且" 表达式 ]
    [ 18: 表达式 => . 表达式 "=" 表达式 ]
    [ 19: 表达式 => . 表达式 "==" 表达式 ]
    [ 20: 表达式 => . 表达式 ">=" 表达式 ]
    [ 21: 表达式 => . 表达式 "<=" 表达式 ]
    [ 22: 表达式 => . 表达式 ">" 表达式 ]
    [ 23: 表达式 => . 表达式 "<" 表达式 ]
    [ 24: 表达式 => . 表达式 "+" 表达式 ]
    [ 25: 表达式 => . 表达式 "-" 表达式 ]
    [ 26: 表达式 => . 表达式 "*" 表达式 ]
    [ 27: 表达式 => . 表达式 "/" 表达式 ]
    [ 28: 表达式 => . 表达式 "**" 表达式 ]
    [ 29: 表达式 => . "（" 表达式 "）" ]
    [ 30: 表达式 => . "不是" 表达式 ]
    [ 31: 表达式 => . "+" 表达式 ]
    [ 32: 表达式 => . "-" 表达式 ]
    [ 33: 表达式 => . <NAME> ]
    [ 34: 表达式 => . <NUM> ]
    no default action
    <NAME> : shift, and go to state 16
    <NUM> : shift, and go to state 17
    "（" : shift, and go to state 12
    "+" : shift, and go to state 14
    "-" : shift, and go to state 15
    "不是" : shift, and go to state 13
    表达式 : go to state 54


state 32
    [ 24: 表达式 => 表达式 "+" . 表达式 ]*
    [ 16: 表达式 => . 表达式 "或" 表达式 ]
    [ 17: 表达式 => . 表达式 "且" 表达式 ]
    [ 18: 表达式 => . 表达式 "=" 表达式 ]
    [ 19: 表达式 => . 表达式 "==" 表达式 ]
    [ 20: 表达式 => . 表达式 ">=" 表达式 ]
    [ 21: 表达式 => . 表达式 "<=" 表达式 ]
    [ 22: 表达式 => . 表达式 ">" 表达式 ]
    [ 23: 表达式 => . 表达式 "<" 表达式 ]
    [ 24: 表达式 => . 表达式 "+" 表达式 ]
    [ 25: 表达式 => . 表达式 "-" 表达式 ]
    [ 26: 表达式 => . 表达式 "*" 表达式 ]
    [ 27: 表达式 => . 表达式 "/" 表达式 ]
    [ 28: 表达式 => . 表达式 "**" 表达式 ]
    [ 29: 表达式 => . "（" 表达式 "）" ]
    [ 30: 表达式 => . "不是" 表达式 ]
    [ 31: 表达式 => . "+" 表达式 ]
    [ 32: 表达式 => . "-" 表达式 ]
    [ 33: 表达式 => . <NAME> ]
    [ 34: 表达式 => . <NUM> ]
    no default action
    <NAME> : shift, and go to state 16
    <NUM> : shift, and go to state 17
    "（" : shift, and go to state 12
    "+" : shift, and go to state 14
    "-" : shift, and go to state 15
    "不是" : shift, and go to state 13
    表达式 : go to state 55


state 33
    [ 25: 表达式 => 表达式 "-" . 表达式 ]*
    [ 16: 表达式 => . 表达式 "或" 表达式 ]
    [ 17: 表达式 => . 表达式 "且" 表达式 ]
    [ 18: 表达式 => . 表达式 "=" 表达式 ]
    [ 19: 表达式 => . 表达式 "==" 表达式 ]
    [ 20: 表达式 => . 表达式 ">=" 表达式 ]
    [ 21: 表达式 => . 表达式 "<=" 表达式 ]
    [ 22: 表达式 => . 表达式 ">" 表达式 ]
    [ 23: 表达式 => . 表达式 "<" 表达式 ]
    [ 24: 表达式 => . 表达式 "+" 表达式 ]
    [ 25: 表达式 => . 表达式 "-" 表达式 ]
    [ 26: 表达式 => . 表达式 "*" 表达式 ]
    [ 27: 表达式 => . 表达式 "/" 表达式 ]
    [ 28: 表达式 => . 表达式 "**" 表达式 ]
    [ 29: 表达式 => . "（" 表达式 "）" ]
    [ 30: 表达式 => . "不是" 表达式 ]
    [ 31: 表达式 => . "+" 表达式 ]
    [ 32: 表达式 => . "-" 表达式 ]
    [ 33: 表达式 => . <NAME> ]
    [ 34: 表达式 => . <NUM> ]
    no default action
    <NAME> : shift, and go to state 16
    <NUM> : shift, and go to state 17
    "（" : shift, and go to state 12
    "+" : shift, and go to state 14
    "-" : shift, and go to state 15
    "不是" : shift, and go to state 13
    表达式 : go to state 56


state 34
    [ 26: 表达式 => 表达式 "*" . 表达式 ]*
    [ 16: 表达式 => . 表达式 "或" 表达式 ]
    [ 17: 表达式 => . 表达式 "且" 表达式 ]
    [ 18: 表达式 => . 表达式 "=" 表达式 ]
    [ 19: 表达式 => . 表达式 "==" 表达式 ]
    [ 20: 表达式 => . 表达式 ">=" 表达式 ]
    [ 21: 表达式 => . 表达式 "<=" 表达式 ]
    [ 22: 表达式 => . 表达式 ">" 表达式 ]
    [ 23: 表达式 => . 表达式 "<" 表达式 ]
    [ 24: 表达式 => . 表达式 "+" 表达式 ]
    [ 25: 表达式 => . 表达式 "-" 表达式 ]
    [ 26: 表达式 => . 表达式 "*" 表达式 ]
    [ 27: 表达式 => . 表达式 "/" 表达式 ]
    [ 28: 表达式 => . 表达式 "**" 表达式 ]
    [ 29: 表达式 => . "（" 表达式 "）" ]
    [ 30: 表达式 => . "不是" 表达式 ]
    [ 31: 表达式 => . "+" 表达式 ]
    [ 32: 表达式 => . "-" 表达式 ]
    [ 33: 表达式 => . <NAME> ]
    [ 34: 表达式 => . <NUM> ]
    no default action
    <NAME> : shift, and go to state 16
    <NUM> : shift, and go to state 17
    "（" : shift, and go to state 12
    "+" : shift, and go to state 14
    "-" : shift, and go to state 15
    "不是" : shift, and go to state 13
    表达式 : go to state 57


state 35
    [ 27: 表达式 => 表达式 "/" . 表达式 ]*
    [ 16: 表达式 => . 表达式 "或" 表达式 ]
    [ 17: 表达式 => . 表达式 "且" 表达式 ]
    [ 18: 表达式 => . 表达式 "=" 表达式 ]
    [ 19: 表达式 => . 表达式 "==" 表达式 ]
    [ 20: 表达式 => . 表达式 ">=" 表达式 ]
    [ 21: 表达式 => . 表达式 "<=" 表达式 ]
    [ 22: 表达式 => . 表达式 ">" 表达式 ]
    [ 23: 表达式 => . 表达式 "<" 表达式 ]
    [ 24: 表达式 => . 表达式 "+" 表达式 ]
    [ 25: 表达式 => . 表达式 "-" 表达式 ]
    [ 26: 表达式 => . 表达式 "*" 表达式 ]
    [ 27: 表达式 => . 表达式 "/" 表达式 ]
    [ 28: 表达式 => . 表达式 "**" 表达式 ]
    [ 29: 表达式 => . "（" 表达式 "）" ]
    [ 30: 表达式 => . "不是" 表达式 ]
    [ 31: 表达式 => . "+" 表达式 ]
    [ 32: 表达式 => . "-" 表达式 ]
    [ 33: 表达式 => . <NAME> ]
    [ 34: 表达式 => . <NUM> ]
    no default action
    <NAME> : shift, and go to state 16
    <NUM> : shift, and go to state 17
    "（" : shift, and go to state 12
    "+" : shift, and go to state 14
    "-" : shift, and go to state 15
    "不是" : shift, and go to state 13
    表达式 : go to state 58


state 36
    [ 28: 表达式 => 表达式 "**" . 表达式 ]*
    [ 16: 表达式 => . 表达式 "或" 表达式 ]
    [ 17: 表达式 => . 表达式 "且" 表达式 ]
    [ 18: 表达式 => . 表达式 "=" 表达式 ]
    [ 19: 表达式 => . 表达式 "==" 表达式 ]
    [ 20: 表达式 => . 表达式 ">=" 表达式 ]
    [ 21: 表达式 => . 表达式 "<=" 表达式 ]
    [ 22: 表达式 => . 表达式 ">" 表达式 ]
    [ 23: 表达式 => . 表达式 "<" 表达式 ]
    [ 24: 表达式 => . 表达式 "+" 表达式 ]
    [ 25: 表达式 => . 表达式 "-" 表达式 ]
    [ 26: 表达式 => . 表达式 "*" 表达式 ]
    [ 27: 表达式 => . 表达式 "/" 表达式 ]
    [ 28: 表达式 => . 表达式 "**" 表达式 ]
    [ 29: 表达式 => . "（" 表达式 "）" ]
    [ 30: 表达式 => . "不是" 表达式 ]
    [ 31: 表达式 => . "+" 表达式 ]
    [ 32: 表达式 => . "-" 表达式 ]
    [ 33: 表达式 => . <NAME> ]
    [ 34: 表达式 => . <NUM> ]
    no default action
    <NAME> : shift, and go to state 16
    <NUM> : shift, and go to state 17
    "（" : shift, and go to state 12
    "+" : shift, and go to state 14
    "-" : shift, and go to state 15
    "不是" : shift, and go to state 13
    表达式 : go to state 59


state 37
    [ 29: 表达式 => "（" 表达式 . "）" ]*
    [ 16: 表达式 => 表达式 . "或" 表达式 ]*
    [ 17: 表达式 => 表达式 . "且" 表达式 ]*
    [ 18: 表达式 => 表达式 . "=" 表达式 ]*
    [ 19: 表达式 => 表达式 . "==" 表达式 ]*
    [ 20: 表达式 => 表达式 . ">=" 表达式 ]*
    [ 21: 表达式 => 表达式 . "<=" 表达式 ]*
    [ 22: 表达式 => 表达式 . ">" 表达式 ]*
    [ 23: 表达式 => 表达式 . "<" 表达式 ]*
    [ 24: 表达式 => 表达式 . "+" 表达式 ]*
    [ 25: 表达式 => 表达式 . "-" 表达式 ]*
    [ 26: 表达式 => 表达式 . "*" 表达式 ]*
    [ 27: 表达式 => 表达式 . "/" 表达式 ]*
    [ 28: 表达式 => 表达式 . "**" 表达式 ]*
    no default action
    "）" : shift, and go to state 60
    "=" : shift, and go to state 26
    "==" : shift, and go to state 27
    "<" : shift, and go to state 31
    ">" : shift, and go to state 30
    "<=" : shift, and go to state 29
    ">=" : shift, and go to state 28
    "+" : shift, and go to state 32
    "-" : shift, and go to state 33
    "*" : shift, and go to state 34
    "/" : shift, and go to state 35
    "**" : shift, and go to state 36
    "且" : shift, and go to state 25
    "或" : shift, and go to state 24


state 38
    [ 30: 表达式 => "不是" 表达式 . ]*
    [ 16: 表达式 => 表达式 . "或" 表达式 ]*
    [ 17: 表达式 => 表达式 . "且" 表达式 ]*
    [ 18: 表达式 => 表达式 . "=" 表达式 ]*
    [ 19: 表达式 => 表达式 . "==" 表达式 ]*
    [ 20: 表达式 => 表达式 . ">=" 表达式 ]*
    [ 21: 表达式 => 表达式 . "<=" 表达式 ]*
    [ 22: 表达式 => 表达式 . ">" 表达式 ]*
    [ 23: 表达式 => 表达式 . "<" 表达式 ]*
    [ 24: 表达式 => 表达式 . "+" 表达式 ]*
    [ 25: 表达式 => 表达式 . "-" 表达式 ]*
    [ 26: 表达式 => 表达式 . "*" 表达式 ]*
    [ 27: 表达式 => 表达式 . "/" 表达式 ]*
    [ 28: 表达式 => 表达式 . "**" 表达式 ]*
    default action: reduce with rule 30
    "=" : shift, and go to state 26
    "==" : shift, and go to state 27
    "<" : shift, and go to state 31
    ">" : shift, and go to state 30
    "<=" : shift, and go to state 29
    ">=" : shift, and go to state 28
    "+" : shift, and go to state 32
    "-" : shift, and go to state 33
    "*" : shift, and go to state 34
    "/" : shift, and go to state 35
    "**" : shift, and go to state 36


state 39
    [ 31: 表达式 => "+" 表达式 . ]*
    [ 16: 表达式 => 表达式 . "或" 表达式 ]*
    [ 17: 表达式 => 表达式 . "且" 表达式 ]*
    [ 18: 表达式 => 表达式 . "=" 表达式 ]*
    [ 19: 表达式 => 表达式 . "==" 表达式 ]*
    [ 20: 表达式 => 表达式 . ">=" 表达式 ]*
    [ 21: 表达式 => 表达式 . "<=" 表达式 ]*
    [ 22: 表达式 => 表达式 . ">" 表达式 ]*
    [ 23: 表达式 => 表达式 . "<" 表达式 ]*
    [ 24: 表达式 => 表达式 . "+" 表达式 ]*
    [ 25: 表达式 => 表达式 . "-" 表达式 ]*
    [ 26: 表达式 => 表达式 . "*" 表达式 ]*
    [ 27: 表达式 => 表达式 . "/" 表达式 ]*
    [ 28: 表达式 => 表达式 . "**" 表达式 ]*
    default action: reduce with rule 31


state 40
    [ 32: 表达式 => "-" 表达式 . ]*
    [ 16: 表达式 => 表达式 . "或" 表达式 ]*
    [ 17: 表达式 => 表达式 . "且" 表达式 ]*
    [ 18: 表达式 => 表达式 . "=" 表达式 ]*
    [ 19: 表达式 => 表达式 . "==" 表达式 ]*
    [ 20: 表达式 => 表达式 . ">=" 表达式 ]*
    [ 21: 表达式 => 表达式 . "<=" 表达式 ]*
    [ 22: 表达式 => 表达式 . ">" 表达式 ]*
    [ 23: 表达式 => 表达式 . "<" 表达式 ]*
    [ 24: 表达式 => 表达式 . "+" 表达式 ]*
    [ 25: 表达式 => 表达式 . "-" 表达式 ]*
    [ 26: 表达式 => 表达式 . "*" 表达式 ]*
    [ 27: 表达式 => 表达式 . "/" 表达式 ]*
    [ 28: 表达式 => 表达式 . "**" 表达式 ]*
    default action: reduce with rule 32


state 41
    [ 7: 语句 => "开始" 语句块 . "结束" ]*
    [ 5: 语句块 => 语句块 . 语句 ]*
    [ 7: 语句 => . "开始" 语句块 "结束" ]
    [ 8: 语句 => . 表达式 "。" ]
    [ 9: 语句 => . "令" 定义表达式列表 "。" ]
    [ 10: 语句 => . "如果" 表达式 "那么" 语句 否则语句 ]
    [ 11: 语句 => . "当" "（" 表达式 "）" 语句 ]
    [ 16: 表达式 => . 表达式 "或" 表达式 ]
    [ 17: 表达式 => . 表达式 "且" 表达式 ]
    [ 18: 表达式 => . 表达式 "=" 表达式 ]
    [ 19: 表达式 => . 表达式 "==" 表达式 ]
    [ 20: 表达式 => . 表达式 ">=" 表达式 ]
    [ 21: 表达式 => . 表达式 "<=" 表达式 ]
    [ 22: 表达式 => . 表达式 ">" 表达式 ]
    [ 23: 表达式 => . 表达式 "<" 表达式 ]
    [ 24: 表达式 => . 表达式 "+" 表达式 ]
    [ 25: 表达式 => . 表达式 "-" 表达式 ]
    [ 26: 表达式 => . 表达式 "*" 表达式 ]
    [ 27: 表达式 => . 表达式 "/" 表达式 ]
    [ 28: 表达式 => . 表达式 "**" 表达式 ]
    [ 29: 表达式 => . "（" 表达式 "）" ]
    [ 30: 表达式 => . "不是" 表达式 ]
    [ 31: 表达式 => . "+" 表达式 ]
    [ 32: 表达式 => . "-" 表达式 ]
    [ 33: 表达式 => . <NAME> ]
    [ 34: 表达式 => . <NUM> ]
    no default action
    <NAME> : shift, and go to state 16
    <NUM> : shift, and go to state 17
    "开始" : shift, and go to state 18
    "结束" : shift, and go to state 61
    "如果" : shift, and go to state 21
    "当" : shift, and go to state 22
    "令" : shift, and go to state 20
    "（" : shift, and go to state 12
    "+" : shift, and go to state 14
    "-" : shift, and go to state 15
    "不是" : shift, and go to state 13
    语句 : go to state 7
    表达式 : go to state 19


state 42
    [ 8: 语句 => 表达式 "。" . ]*
    default action: reduce with rule 8


state 43
    [ 9: 语句 => "令" 定义表达式列表 . "。" ]*
    [ 12: 定义表达式列表 => 定义表达式列表 . "，" <NAME> "=" 表达式 ]*
    no default action
    "。" : shift, and go to state 62
    "，" : shift, and go to state 8


state 44
    [ 10: 语句 => "如果" 表达式 . "那么" 语句 否则语句 ]*
    [ 16: 表达式 => 表达式 . "或" 表达式 ]*
    [ 17: 表达式 => 表达式 . "且" 表达式 ]*
    [ 18: 表达式 => 表达式 . "=" 表达式 ]*
    [ 19: 表达式 => 表达式 . "==" 表达式 ]*
    [ 20: 表达式 => 表达式 . ">=" 表达式 ]*
    [ 21: 表达式 => 表达式 . "<=" 表达式 ]*
    [ 22: 表达式 => 表达式 . ">" 表达式 ]*
    [ 23: 表达式 => 表达式 . "<" 表达式 ]*
    [ 24: 表达式 => 表达式 . "+" 表达式 ]*
    [ 25: 表达式 => 表达式 . "-" 表达式 ]*
    [ 26: 表达式 => 表达式 . "*" 表达式 ]*
    [ 27: 表达式 => 表达式 . "/" 表达式 ]*
    [ 28: 表达式 => 表达式 . "**" 表达式 ]*
    no default action
    "那么" : shift, and go to state 63
    "=" : shift, and go to state 26
    "==" : shift, and go to state 27
    "<" : shift, and go to state 31
    ">" : shift, and go to state 30
    "<=" : shift, and go to state 29
    ">=" : shift, and go to state 28
    "+" : shift, and go to state 32
    "-" : shift, and go to state 33
    "*" : shift, and go to state 34
    "/" : shift, and go to state 35
    "**" : shift, and go to state 36
    "且" : shift, and go to state 25
    "或" : shift, and go to state 24


state 45
    [ 11: 语句 => "当" "（" . 表达式 "）" 语句 ]*
    [ 16: 表达式 => . 表达式 "或" 表达式 ]
    [ 17: 表达式 => . 表达式 "且" 表达式 ]
    [ 18: 表达式 => . 表达式 "=" 表达式 ]
    [ 19: 表达式 => . 表达式 "==" 表达式 ]
    [ 20: 表达式 => . 表达式 ">=" 表达式 ]
    [ 21: 表达式 => . 表达式 "<=" 表达式 ]
    [ 22: 表达式 => . 表达式 ">" 表达式 ]
    [ 23: 表达式 => . 表达式 "<" 表达式 ]
    [ 24: 表达式 => . 表达式 "+" 表达式 ]
    [ 25: 表达式 => . 表达式 "-" 表达式 ]
    [ 26: 表达式 => . 表达式 "*" 表达式 ]
    [ 27: 表达式 => . 表达式 "/" 表达式 ]
    [ 28: 表达式 => . 表达式 "**" 表达式 ]
    [ 29: 表达式 => . "（" 表达式 "）" ]
    [ 30: 表达式 => . "不是" 表达式 ]
    [ 31: 表达式 => . "+" 表达式 ]
    [ 32: 表达式 => . "-" 表达式 ]
    [ 33: 表达式 => . <NAME> ]
    [ 34: 表达式 => . <NUM> ]
    no default action
    <NAME> : shift, and go to state 16
    <NUM> : shift, and go to state 17
    "（" : shift, and go to state 12
    "+" : shift, and go to state 14
    "-" : shift, and go to state 15
    "不是" : shift, and go to state 13
    表达式 : go to state 64


state 46
    [ 12: 定义表达式列表 => 定义表达式列表 "，" <NAME> "=" 表达式 . ]*
    [ 16: 表达式 => 表达式 . "或" 表达式 ]*
    [ 17: 表达式 => 表达式 . "且" 表达式 ]*
    [ 18: 表达式 => 表达式 . "=" 表达式 ]*
    [ 19: 表达式 => 表达式 . "==" 表达式 ]*
    [ 20: 表达式 => 表达式 . ">=" 表达式 ]*
    [ 21: 表达式 => 表达式 . "<=" 表达式 ]*
    [ 22: 表达式 => 表达式 . ">" 表达式 ]*
    [ 23: 表达式 => 表达式 . "<" 表达式 ]*
    [ 24: 表达式 => 表达式 . "+" 表达式 ]*
    [ 25: 表达式 => 表达式 . "-" 表达式 ]*
    [ 26: 表达式 => 表达式 . "*" 表达式 ]*
    [ 27: 表达式 => 表达式 . "/" 表达式 ]*
    [ 28: 表达式 => 表达式 . "**" 表达式 ]*
    default action: reduce with rule 12
    "=" : shift, and go to state 26
    "==" : shift, and go to state 27
    "<" : shift, and go to state 31
    ">" : shift, and go to state 30
    "<=" : shift, and go to state 29
    ">=" : shift, and go to state 28
    "+" : shift, and go to state 32
    "-" : shift, and go to state 33
    "*" : shift, and go to state 34
    "/" : shift, and go to state 35
    "**" : shift, and go to state 36
    "且" : shift, and go to state 25
    "或" : shift, and go to state 24


state 47
    [ 16: 表达式 => 表达式 "或" 表达式 . ]*
    [ 16: 表达式 => 表达式 . "或" 表达式 ]*
    [ 17: 表达式 => 表达式 . "且" 表达式 ]*
    [ 18: 表达式 => 表达式 . "=" 表达式 ]*
    [ 19: 表达式 => 表达式 . "==" 表达式 ]*
    [ 20: 表达式 => 表达式 . ">=" 表达式 ]*
    [ 21: 表达式 => 表达式 . "<=" 表达式 ]*
    [ 22: 表达式 => 表达式 . ">" 表达式 ]*
    [ 23: 表达式 => 表达式 . "<" 表达式 ]*
    [ 24: 表达式 => 表达式 . "+" 表达式 ]*
    [ 25: 表达式 => 表达式 . "-" 表达式 ]*
    [ 26: 表达式 => 表达式 . "*" 表达式 ]*
    [ 27: 表达式 => 表达式 . "/" 表达式 ]*
    [ 28: 表达式 => 表达式 . "**" 表达式 ]*
    default action: reduce with rule 16
    "=" : shift, and go to state 26
    "==" : shift, and go to state 27
    "<" : shift, and go to state 31
    ">" : shift, and go to state 30
    "<=" : shift, and go to state 29
    ">=" : shift, and go to state 28
    "+" : shift, and go to state 32
    "-" : shift, and go to state 33
    "*" : shift, and go to state 34
    "/" : shift, and go to state 35
    "**" : shift, and go to state 36
    "且" : shift, and go to state 25


state 48
    [ 17: 表达式 => 表达式 "且" 表达式 . ]*
    [ 16: 表达式 => 表达式 . "或" 表达式 ]*
    [ 17: 表达式 => 表达式 . "且" 表达式 ]*
    [ 18: 表达式 => 表达式 . "=" 表达式 ]*
    [ 19: 表达式 => 表达式 . "==" 表达式 ]*
    [ 20: 表达式 => 表达式 . ">=" 表达式 ]*
    [ 21: 表达式 => 表达式 . "<=" 表达式 ]*
    [ 22: 表达式 => 表达式 . ">" 表达式 ]*
    [ 23: 表达式 => 表达式 . "<" 表达式 ]*
    [ 24: 表达式 => 表达式 . "+" 表达式 ]*
    [ 25: 表达式 => 表达式 . "-" 表达式 ]*
    [ 26: 表达式 => 表达式 . "*" 表达式 ]*
    [ 27: 表达式 => 表达式 . "/" 表达式 ]*
    [ 28: 表达式 => 表达式 . "**" 表达式 ]*
    default action: reduce with rule 17
    "=" : shift, and go to state 26
    "==" : shift, and go to state 27
    "<" : shift, and go to state 31
    ">" : shift, and go to state 30
    "<=" : shift, and go to state 29
    ">=" : shift, and go to state 28
    "+" : shift, and go to state 32
    "-" : shift, and go to state 33
    "*" : shift, and go to state 34
    "/" : shift, and go to state 35
    "**" : shift, and go to state 36


state 49
    [ 18: 表达式 => 表达式 "=" 表达式 . ]*
    [ 16: 表达式 => 表达式 . "或" 表达式 ]*
    [ 17: 表达式 => 表达式 . "且" 表达式 ]*
    [ 18: 表达式 => 表达式 . "=" 表达式 ]*
    [ 19: 表达式 => 表达式 . "==" 表达式 ]*
    [ 20: 表达式 => 表达式 . ">=" 表达式 ]*
    [ 21: 表达式 => 表达式 . "<=" 表达式 ]*
    [ 22: 表达式 => 表达式 . ">" 表达式 ]*
    [ 23: 表达式 => 表达式 . "<" 表达式 ]*
    [ 24: 表达式 => 表达式 . "+" 表达式 ]*
    [ 25: 表达式 => 表达式 . "-" 表达式 ]*
    [ 26: 表达式 => 表达式 . "*" 表达式 ]*
    [ 27: 表达式 => 表达式 . "/" 表达式 ]*
    [ 28: 表达式 => 表达式 . "**" 表达式 ]*
    default action: reduce with rule 18
    "=" : shift, and go to state 26
    "==" : shift, and go to state 27
    "<" : shift, and go to state 31
    ">" : shift, and go to state 30
    "<=" : shift, and go to state 29
    ">=" : shift, and go to state 28
    "+" : shift, and go to state 32
    "-" : shift, and go to state 33
    "*" : shift, and go to state 34
    "/" : shift, and go to state 35
    "**" : shift, and go to state 36


state 50
    [ 19: 表达式 => 表达式 "==" 表达式 . ]*
    [ 16: 表达式 => 表达式 . "或" 表达式 ]*
    [ 17: 表达式 => 表达式 . "且" 表达式 ]*
    [ 18: 表达式 => 表达式 . "=" 表达式 ]*
    [ 19: 表达式 => 表达式 . "==" 表达式 ]*
    [ 20: 表达式 => 表达式 . ">=" 表达式 ]*
    [ 21: 表达式 => 表达式 . "<=" 表达式 ]*
    [ 22: 表达式 => 表达式 . ">" 表达式 ]*
    [ 23: 表达式 => 表达式 . "<" 表达式 ]*
    [ 24: 表达式 => 表达式 . "+" 表达式 ]*
    [ 25: 表达式 => 表达式 . "-" 表达式 ]*
    [ 26: 表达式 => 表达式 . "*" 表达式 ]*
    [ 27: 表达式 => 表达式 . "/" 表达式 ]*
    [ 28: 表达式 => 表达式 . "**" 表达式 ]*
    default action: reduce with rule 19
    "+" : shift, and go to state 32
    "-" : shift, and go to state 33
    "*" : shift, and go to state 34
    "/" : shift, and go to state 35
    "**" : shift, and go to state 36


state 51
    [ 20: 表达式 => 表达式 ">=" 表达式 . ]*
    [ 16: 表达式 => 表达式 . "或" 表达式 ]*
    [ 17: 表达式 => 表达式 . "且" 表达式 ]*
    [ 18: 表达式 => 表达式 . "=" 表达式 ]*
    [ 19: 表达式 => 表达式 . "==" 表达式 ]*
    [ 20: 表达式 => 表达式 . ">=" 表达式 ]*
    [ 21: 表达式 => 表达式 . "<=" 表达式 ]*
    [ 22: 表达式 => 表达式 . ">" 表达式 ]*
    [ 23: 表达式 => 表达式 . "<" 表达式 ]*
    [ 24: 表达式 => 表达式 . "+" 表达式 ]*
    [ 25: 表达式 => 表达式 . "-" 表达式 ]*
    [ 26: 表达式 => 表达式 . "*" 表达式 ]*
    [ 27: 表达式 => 表达式 . "/" 表达式 ]*
    [ 28: 表达式 => 表达式 . "**" 表达式 ]*
    default action: reduce with rule 20
    "+" : shift, and go to state 32
    "-" : shift, and go to state 33
    "*" : shift, and go to state 34
    "/" : shift, and go to state 35
    "**" : shift, and go to state 36


state 52
    [ 21: 表达式 => 表达式 "<=" 表达式 . ]*
    [ 16: 表达式 => 表达式 . "或" 表达式 ]*
    [ 17: 表达式 => 表达式 . "且" 表达式 ]*
    [ 18: 表达式 => 表达式 . "=" 表达式 ]*
    [ 19: 表达式 => 表达式 . "==" 表达式 ]*
    [ 20: 表达式 => 表达式 . ">=" 表达式 ]*
    [ 21: 表达式 => 表达式 . "<=" 表达式 ]*
    [ 22: 表达式 => 表达式 . ">" 表达式 ]*
    [ 23: 表达式 => 表达式 . "<" 表达式 ]*
    [ 24: 表达式 => 表达式 . "+" 表达式 ]*
    [ 25: 表达式 => 表达式 . "-" 表达式 ]*
    [ 26: 表达式 => 表达式 . "*" 表达式 ]*
    [ 27: 表达式 => 表达式 . "/" 表达式 ]*
    [ 28: 表达式 => 表达式 . "**" 表达式 ]*
    default action: reduce with rule 21
    "+" : shift, and go to state 32
    "-" : shift, and go to state 33
    "*" : shift, and go to state 34
    "/" : shift, and go to state 35
    "**" : shift, and go to state 36


state 53
    [ 22: 表达式 => 表达式 ">" 表达式 . ]*
    [ 16: 表达式 => 表达式 . "或" 表达式 ]*
    [ 17: 表达式 => 表达式 . "且" 表达式 ]*
    [ 18: 表达式 => 表达式 . "=" 表达式 ]*
    [ 19: 表达式 => 表达式 . "==" 表达式 ]*
    [ 20: 表达式 => 表达式 . ">=" 表达式 ]*
    [ 21: 表达式 => 表达式 . "<=" 表达式 ]*
    [ 22: 表达式 => 表达式 . ">" 表达式 ]*
    [ 23: 表达式 => 表达式 . "<" 表达式 ]*
    [ 24: 表达式 => 表达式 . "+" 表达式 ]*
    [ 25: 表达式 => 表达式 . "-" 表达式 ]*
    [ 26: 表达式 => 表达式 . "*" 表达式 ]*
    [ 27: 表达式 => 表达式 . "/" 表达式 ]*
    [ 28: 表达式 => 表达式 . "**" 表达式 ]*
    default action: reduce with rule 22
    "+" : shift, and go to state 32
    "-" : shift, and go to state 33
    "*" : shift, and go to state 34
    "/" : shift, and go to state 35
    "**" : shift, and go to state 36


state 54
    [ 23: 表达式 => 表达式 "<" 表达式 . ]*
    [ 16: 表达式 => 表达式 . "或" 表达式 ]*
    [ 17: 表达式 => 表达式 . "且" 表达式 ]*
    [ 18: 表达式 => 表达式 . "=" 表达式 ]*
    [ 19: 表达式 => 表达式 . "==" 表达式 ]*
    [ 20: 表达式 => 表达式 . ">=" 表达式 ]*
    [ 21: 表达式 => 表达式 . "<=" 表达式 ]*
    [ 22: 表达式 => 表达式 . ">" 表达式 ]*
    [ 23: 表达式 => 表达式 . "<" 表达式 ]*
    [ 24: 表达式 => 表达式 . "+" 表达式 ]*
    [ 25: 表达式 => 表达式 . "-" 表达式 ]*
    [ 26: 表达式 => 表达式 . "*" 表达式 ]*
    [ 27: 表达式 => 表达式 . "/" 表达式 ]*
    [ 28: 表达式 => 表达式 . "**" 表达式 ]*
    default action: reduce with rule 23
    "+" : shift, and go to state 32
    "-" : shift, and go to state 33
    "*" : shift, and go to state 34
    "/" : shift, and go to state 35
    "**" : shift, and go to state 36


state 55
    [ 24: 表达式 => 表达式 "+" 表达式 . ]*
    [ 16: 表达式 => 表达式 . "或" 表达式 ]*
    [ 17: 表达式 => 表达式 . "且" 表达式 ]*
    [ 18: 表达式 => 表达式 . "=" 表达式 ]*
    [ 19: 表达式 => 表达式 . "==" 表达式 ]*
    [ 20: 表达式 => 表达式 . ">=" 表达式 ]*
    [ 21: 表达式 => 表达式 . "<=" 表达式 ]*
    [ 22: 表达式 => 表达式 . ">" 表达式 ]*
    [ 23: 表达式 => 表达式 . "<" 表达式 ]*
    [ 24: 表达式 => 表达式 . "+" 表达式 ]*
    [ 25: 表达式 => 表达式 . "-" 表达式 ]*
    [ 26: 表达式 => 表达式 . "*" 表达式 ]*
    [ 27: 表达式 => 表达式 . "/" 表达式 ]*
    [ 28: 表达式 => 表达式 . "**" 表达式 ]*
    default action: reduce with rule 24
    "*" : shift, and go to state 34
    "/" : shift, and go to state 35
    "**" : shift, and go to state 36


state 56
    [ 25: 表达式 => 表达式 "-" 表达式 . ]*
    [ 16: 表达式 => 表达式 . "或" 表达式 ]*
    [ 17: 表达式 => 表达式 . "且" 表达式 ]*
    [ 18: 表达式 => 表达式 . "=" 表达式 ]*
    [ 19: 表达式 => 表达式 . "==" 表达式 ]*
    [ 20: 表达式 => 表达式 . ">=" 表达式 ]*
    [ 21: 表达式 => 表达式 . "<=" 表达式 ]*
    [ 22: 表达式 => 表达式 . ">" 表达式 ]*
    [ 23: 表达式 => 表达式 . "<" 表达式 ]*
    [ 24: 表达式 => 表达式 . "+" 表达式 ]*
    [ 25: 表达式 => 表达式 . "-" 表达式 ]*
    [ 26: 表达式 => 表达式 . "*" 表达式 ]*
    [ 27: 表达式 => 表达式 . "/" 表达式 ]*
    [ 28: 表达式 => 表达式 . "**" 表达式 ]*
    default action: reduce with rule 25
    "*" : shift, and go to state 34
    "/" : shift, and go to state 35
    "**" : shift, and go to state 36


state 57
    [ 26: 表达式 => 表达式 "*" 表达式 . ]*
    [ 16: 表达式 => 表达式 . "或" 表达式 ]*
    [ 17: 表达式 => 表达式 . "且" 表达式 ]*
    [ 18: 表达式 => 表达式 . "=" 表达式 ]*
    [ 19: 表达式 => 表达式 . "==" 表达式 ]*
    [ 20: 表达式 => 表达式 . ">=" 表达式 ]*
    [ 21: 表达式 => 表达式 . "<=" 表达式 ]*
    [ 22: 表达式 => 表达式 . ">" 表达式 ]*
    [ 23: 表达式 => 表达式 . "<" 表达式 ]*
    [ 24: 表达式 => 表达式 . "+" 表达式 ]*
    [ 25: 表达式 => 表达式 . "-" 表达式 ]*
    [ 26: 表达式 => 表达式 . "*" 表达式 ]*
    [ 27: 表达式 => 表达式 . "/" 表达式 ]*
    [ 28: 表达式 => 表达式 . "**" 表达式 ]*
    default action: reduce with rule 26
    "**" : shift, and go to state 36


state 58
    [ 27: 表达式 => 表达式 "/" 表达式 . ]*
    [ 16: 表达式 => 表达式 . "或" 表达式 ]*
    [ 17: 表达式 => 表达式 . "且" 表达式 ]*
    [ 18: 表达式 => 表达式 . "=" 表达式 ]*
    [ 19: 表达式 => 表达式 . "==" 表达式 ]*
    [ 20: 表达式 => 表达式 . ">=" 表达式 ]*
    [ 21: 表达式 => 表达式 . "<=" 表达式 ]*
    [ 22: 表达式 => 表达式 . ">" 表达式 ]*
    [ 23: 表达式 => 表达式 . "<" 表达式 ]*
    [ 24: 表达式 => 表达式 . "+" 表达式 ]*
    [ 25: 表达式 => 表达式 . "-" 表达式 ]*
    [ 26: 表达式 => 表达式 . "*" 表达式 ]*
    [ 27: 表达式 => 表达式 . "/" 表达式 ]*
    [ 28: 表达式 => 表达式 . "**" 表达式 ]*
    default action: reduce with rule 27
    "**" : shift, and go to state 36


state 59
    [ 28: 表达式 => 表达式 "**" 表达式 . ]*
    [ 16: 表达式 => 表达式 . "或" 表达式 ]*
    [ 17: 表达式 => 表达式 . "且" 表达式 ]*
    [ 18: 表达式 => 表达式 . "=" 表达式 ]*
    [ 19: 表达式 => 表达式 . "==" 表达式 ]*
    [ 20: 表达式 => 表达式 . ">=" 表达式 ]*
    [ 21: 表达式 => 表达式 . "<=" 表达式 ]*
    [ 22: 表达式 => 表达式 . ">" 表达式 ]*
    [ 23: 表达式 => 表达式 . "<" 表达式 ]*
    [ 24: 表达式 => 表达式 . "+" 表达式 ]*
    [ 25: 表达式 => 表达式 . "-" 表达式 ]*
    [ 26: 表达式 => 表达式 . "*" 表达式 ]*
    [ 27: 表达式 => 表达式 . "/" 表达式 ]*
    [ 28: 表达式 => 表达式 . "**" 表达式 ]*
    default action: reduce with rule 28
    "**" : shift, and go to state 36


state 60
    [ 29: 表达式 => "（" 表达式 "）" . ]*
    default action: reduce with rule 29


state 61
    [ 7: 语句 => "开始" 语句块 "结束" . ]*
    default action: reduce with rule 7


state 62
    [ 9: 语句 => "令" 定义表达式列表 "。" . ]*
    default action: reduce with rule 9


state 63
    [ 10: 语句 => "如果" 表达式 "那么" . 语句 否则语句 ]*
    [ 7: 语句 => . "开始" 语句块 "结束" ]
    [ 8: 语句 => . 表达式 "。" ]
    [ 9: 语句 => . "令" 定义表达式列表 "。" ]
    [ 10: 语句 => . "如果" 表达式 "那么" 语句 否则语句 ]
    [ 11: 语句 => . "当" "（" 表达式 "）" 语句 ]
    [ 16: 表达式 => . 表达式 "或" 表达式 ]
    [ 17: 表达式 => . 表达式 "且" 表达式 ]
    [ 18: 表达式 => . 表达式 "=" 表达式 ]
    [ 19: 表达式 => . 表达式 "==" 表达式 ]
    [ 20: 表达式 => . 表达式 ">=" 表达式 ]
    [ 21: 表达式 => . 表达式 "<=" 表达式 ]
    [ 22: 表达式 => . 表达式 ">" 表达式 ]
    [ 23: 表达式 => . 表达式 "<" 表达式 ]
    [ 24: 表达式 => . 表达式 "+" 表达式 ]
    [ 25: 表达式 => . 表达式 "-" 表达式 ]
    [ 26: 表达式 => . 表达式 "*" 表达式 ]
    [ 27: 表达式 => . 表达式 "/" 表达式 ]
    [ 28: 表达式 => . 表达式 "**" 表达式 ]
    [ 29: 表达式 => . "（" 表达式 "）" ]
    [ 30: 表达式 => . "不是" 表达式 ]
    [ 31: 表达式 => . "+" 表达式 ]
    [ 32: 表达式 => . "-" 表达式 ]
    [ 33: 表达式 => . <NAME> ]
    [ 34: 表达式 => . <NUM> ]
    no default action
    <NAME> : shift, and go to state 16
    <NUM> : shift, and go to state 17
    "开始" : shift, and go to state 18
    "如果" : shift, and go to state 21
    "当" : shift, and go to state 22
    "令" : shift, and go to state 20
    "（" : shift, and go to state 12
    "+" : shift, and go to state 14
    "-" : shift, and go to state 15
    "不是" : shift, and go to state 13
    语句 : go to state 65
    表达式 : go to state 19


state 64
    [ 11: 语句 => "当" "（" 表达式 . "）" 语句 ]*
    [ 16: 表达式 => 表达式 . "或" 表达式 ]*
    [ 17: 表达式 => 表达式 . "且" 表达式 ]*
    [ 18: 表达式 => 表达式 . "=" 表达式 ]*
    [ 19: 表达式 => 表达式 . "==" 表达式 ]*
    [ 20: 表达式 => 表达式 . ">=" 表达式 ]*
    [ 21: 表达式 => 表达式 . "<=" 表达式 ]*
    [ 22: 表达式 => 表达式 . ">" 表达式 ]*
    [ 23: 表达式 => 表达式 . "<" 表达式 ]*
    [ 24: 表达式 => 表达式 . "+" 表达式 ]*
    [ 25: 表达式 => 表达式 . "-" 表达式 ]*
    [ 26: 表达式 => 表达式 . "*" 表达式 ]*
    [ 27: 表达式 => 表达式 . "/" 表达式 ]*
    [ 28: 表达式 => 表达式 . "**" 表达式 ]*
    no default action
    "）" : shift, and go to state 66
    "=" : shift, and go to state 26
    "==" : shift, and go to state 27
    "<" : shift, and go to state 31
    ">" : shift, and go to state 30
    "<=" : shift, and go to state 29
    ">=" : shift, and go to state 28
    "+" : shift, and go to state 32
    "-" : shift, and go to state 33
    "*" : shift, and go to state 34
    "/" : shift, and go to state 35
    "**" : shift, and go to state 36
    "且" : shift, and go to state 25
    "或" : shift, and go to state 24


state 65
    [ 10: 语句 => "如果" 表达式 "那么" 语句 . 否则语句 ]*
    [ 14: 否则语句 => . ]
    [ 15: 否则语句 => . "否则" 语句 ]
    default action: reduce with rule 14
    否则语句 : go to state 67


state 66
    [ 11: 语句 => "当" "（" 表达式 "）" . 语句 ]*
    [ 7: 语句 => . "开始" 语句块 "结束" ]
    [ 8: 语句 => . 表达式 "。" ]
    [ 9: 语句 => . "令" 定义表达式列表 "。" ]
    [ 10: 语句 => . "如果" 表达式 "那么" 语句 否则语句 ]
    [ 11: 语句 => . "当" "（" 表达式 "）" 语句 ]
    [ 16: 表达式 => . 表达式 "或" 表达式 ]
    [ 17: 表达式 => . 表达式 "且" 表达式 ]
    [ 18: 表达式 => . 表达式 "=" 表达式 ]
    [ 19: 表达式 => . 表达式 "==" 表达式 ]
    [ 20: 表达式 => . 表达式 ">=" 表达式 ]
    [ 21: 表达式 => . 表达式 "<=" 表达式 ]
    [ 22: 表达式 => . 表达式 ">" 表达式 ]
    [ 23: 表达式 => . 表达式 "<" 表达式 ]
    [ 24: 表达式 => . 表达式 "+" 表达式 ]
    [ 25: 表达式 => . 表达式 "-" 表达式 ]
    [ 26: 表达式 => . 表达式 "*" 表达式 ]
    [ 27: 表达式 => . 表达式 "/" 表达式 ]
    [ 28: 表达式 => . 表达式 "**" 表达式 ]
    [ 29: 表达式 => . "（" 表达式 "）" ]
    [ 30: 表达式 => . "不是" 表达式 ]
    [ 31: 表达式 => . "+" 表达式 ]
    [ 32: 表达式 => . "-" 表达式 ]
    [ 33: 表达式 => . <NAME> ]
    [ 34: 表达式 => . <NUM> ]
    no default action
    <NAME> : shift, and go to state 16
    <NUM> : shift, and go to state 17
    "开始" : shift, and go to state 18
    "如果" : shift, and go to state 21
    "当" : shift, and go to state 22
    "令" : shift, and go to state 20
    "（" : shift, and go to state 12
    "+" : shift, and go to state 14
    "-" : shift, and go to state 15
    "不是" : shift, and go to state 13
    语句 : go to state 69
    表达式 : go to state 19


state 67
    [ 10: 语句 => "如果" 表达式 "那么" 语句 否则语句 . ]*
    default action: reduce with rule 10


state 68
    [ 15: 否则语句 => "否则" . 语句 ]*
    [ 7: 语句 => . "开始" 语句块 "结束" ]
    [ 8: 语句 => . 表达式 "。" ]
    [ 9: 语句 => . "令" 定义表达式列表 "。" ]
    [ 10: 语句 => . "如果" 表达式 "那么" 语句 否则语句 ]
    [ 11: 语句 => . "当" "（" 表达式 "）" 语句 ]
    [ 16: 表达式 => . 表达式 "或" 表达式 ]
    [ 17: 表达式 => . 表达式 "且" 表达式 ]
    [ 18: 表达式 => . 表达式 "=" 表达式 ]
    [ 19: 表达式 => . 表达式 "==" 表达式 ]
    [ 20: 表达式 => . 表达式 ">=" 表达式 ]
    [ 21: 表达式 => . 表达式 "<=" 表达式 ]
    [ 22: 表达式 => . 表达式 ">" 表达式 ]
    [ 23: 表达式 => . 表达式 "<" 表达式 ]
    [ 24: 表达式 => . 表达式 "+" 表达式 ]
    [ 25: 表达式 => . 表达式 "-" 表达式 ]
    [ 26: 表达式 => . 表达式 "*" 表达式 ]
    [ 27: 表达式 => . 表达式 "/" 表达式 ]
    [ 28: 表达式 => . 表达式 "**" 表达式 ]
    [ 29: 表达式 => . "（" 表达式 "）" ]
    [ 30: 表达式 => . "不是" 表达式 ]
    [ 31: 表达式 => . "+" 表达式 ]
    [ 32: 表达式 => . "-" 表达式 ]
    [ 33: 表达式 => . <NAME> ]
    [ 34: 表达式 => . <NUM> ]
    no default action
    <NAME> : shift, and go to state 16
    <NUM> : shift, and go to state 17
    "开始" : shift, and go to state 18
    "如果" : shift, and go to state 21
    "当" : shift, and go to state 22
    "令" : shift, and go to state 20
    "（" : shift, and go to state 12
    "+" : shift, and go to state 14
    "-" : shift, and go to state 15
    "不是" : shift, and go to state 13
    语句 : go to state 70
    表达式 : go to state 19


state 69
    [ 11: 语句 => "当" "（" 表达式 "）" 语句 . ]*
    default action: reduce with rule 11


state 70
    [ 15: 否则语句 => "否则" 语句 . ]*
    default action: reduce with rule 15


